[ 2016-05-23T21:56:41+08:00 ] 127.0.0.1 /news/home/News/view/id/9
INFO: [ app_begin ] --START--
INFO: Run Behavior\ReadHtmlCacheBehavior [ RunTime:0.000707s ]
INFO: [ app_begin ] --END-- [ RunTime:0.001145s ]
SQL: SHOW COLUMNS FROM `test_news` [ RunTime:0.0052s ]
SQL: SELECT * FROM `test_news` WHERE `id` = 9 LIMIT 1   [ RunTime:0.0006s ]
INFO: [ view_parse ] --START--
INFO: [ template_filter ] --START--
INFO: Run Behavior\ContentReplaceBehavior [ RunTime:0.000080s ]
INFO: [ template_filter ] --END-- [ RunTime:0.000216s ]
NOTIC: [8] Undefined variable: data D:\sf\wamp\www\news\web\Runtime\Cache\Home\c699a5bed4ec07b03164651653649f77.php 第 5 行.
INFO: Run Behavior\ParseTemplateBehavior [ RunTime:0.007966s ]
INFO: [ view_parse ] --END-- [ RunTime:0.008097s ]
INFO: [ view_filter ] --START--
INFO: Run Behavior\WriteHtmlCacheBehavior [ RunTime:0.000518s ]
INFO: [ view_filter ] --END-- [ RunTime:0.000632s ]
INFO: [ app_end ] --START--
INFO: Run Behavior\ShowPageTraceBehavior [ RunTime:0.000717s ]
INFO: [ app_end ] --END-- [ RunTime:0.000840s ]

[ 2016-05-23T21:56:42+08:00 ] 127.0.0.1 /news/home/News/view/id/9
INFO: [ app_begin ] --START--
INFO: Run Behavior\ReadHtmlCacheBehavior [ RunTime:0.000704s ]
INFO: [ app_begin ] --END-- [ RunTime:0.001135s ]
SQL: SHOW COLUMNS FROM `test_news` [ RunTime:0.0054s ]
SQL: SELECT * FROM `test_news` WHERE `id` = 9 LIMIT 1   [ RunTime:0.0004s ]
INFO: [ view_parse ] --START--
INFO: [ template_filter ] --START--
INFO: Run Behavior\ContentReplaceBehavior [ RunTime:0.000172s ]
INFO: [ template_filter ] --END-- [ RunTime:0.000328s ]
NOTIC: [8] Undefined variable: data D:\sf\wamp\www\news\web\Runtime\Cache\Home\c699a5bed4ec07b03164651653649f77.php 第 5 行.
INFO: Run Behavior\ParseTemplateBehavior [ RunTime:0.007895s ]
INFO: [ view_parse ] --END-- [ RunTime:0.008027s ]
INFO: [ view_filter ] --START--
INFO: Run Behavior\WriteHtmlCacheBehavior [ RunTime:0.000515s ]
INFO: [ view_filter ] --END-- [ RunTime:0.000631s ]
INFO: [ app_end ] --START--
INFO: Run Behavior\ShowPageTraceBehavior [ RunTime:0.000724s ]
INFO: [ app_end ] --END-- [ RunTime:0.000849s ]

[ 2016-05-23T21:56:43+08:00 ] 127.0.0.1 /news/home/News/view/id/9
INFO: [ app_begin ] --START--
INFO: Run Behavior\ReadHtmlCacheBehavior [ RunTime:0.000704s ]
INFO: [ app_begin ] --END-- [ RunTime:0.001129s ]
SQL: SHOW COLUMNS FROM `test_news` [ RunTime:0.0053s ]
SQL: SELECT * FROM `test_news` WHERE `id` = 9 LIMIT 1   [ RunTime:0.0008s ]
INFO: [ view_parse ] --START--
INFO: [ template_filter ] --START--
INFO: Run Behavior\ContentReplaceBehavior [ RunTime:0.000077s ]
INFO: [ template_filter ] --END-- [ RunTime:0.000207s ]
NOTIC: [8] Undefined variable: data D:\sf\wamp\www\news\web\Runtime\Cache\Home\c699a5bed4ec07b03164651653649f77.php 第 5 行.
INFO: Run Behavior\ParseTemplateBehavior [ RunTime:0.007750s ]
INFO: [ view_parse ] --END-- [ RunTime:0.007888s ]
INFO: [ view_filter ] --START--
INFO: Run Behavior\WriteHtmlCacheBehavior [ RunTime:0.000537s ]
INFO: [ view_filter ] --END-- [ RunTime:0.000651s ]
INFO: [ app_end ] --START--
INFO: Run Behavior\ShowPageTraceBehavior [ RunTime:0.000751s ]
INFO: [ app_end ] --END-- [ RunTime:0.000871s ]

[ 2016-05-23T21:56:43+08:00 ] 127.0.0.1 /news/home/News/view/id/9
INFO: [ app_begin ] --START--
INFO: Run Behavior\ReadHtmlCacheBehavior [ RunTime:0.000704s ]
INFO: [ app_begin ] --END-- [ RunTime:0.001137s ]
SQL: SHOW COLUMNS FROM `test_news` [ RunTime:0.0050s ]
SQL: SELECT * FROM `test_news` WHERE `id` = 9 LIMIT 1   [ RunTime:0.0009s ]
INFO: [ view_parse ] --START--
INFO: [ template_filter ] --START--
INFO: Run Behavior\ContentReplaceBehavior [ RunTime:0.000078s ]
INFO: [ template_filter ] --END-- [ RunTime:0.000211s ]
NOTIC: [8] Undefined variable: data D:\sf\wamp\www\news\web\Runtime\Cache\Home\c699a5bed4ec07b03164651653649f77.php 第 5 行.
INFO: Run Behavior\ParseTemplateBehavior [ RunTime:0.008174s ]
INFO: [ view_parse ] --END-- [ RunTime:0.008313s ]
INFO: [ view_filter ] --START--
INFO: Run Behavior\WriteHtmlCacheBehavior [ RunTime:0.000499s ]
INFO: [ view_filter ] --END-- [ RunTime:0.000615s ]
INFO: [ app_end ] --START--
INFO: Run Behavior\ShowPageTraceBehavior [ RunTime:0.000707s ]
INFO: [ app_end ] --END-- [ RunTime:0.000826s ]

[ 2016-05-23T21:56:44+08:00 ] 127.0.0.1 /news/home/News/view/id/9
INFO: [ app_begin ] --START--
INFO: Run Behavior\ReadHtmlCacheBehavior [ RunTime:0.000729s ]
INFO: [ app_begin ] --END-- [ RunTime:0.001292s ]
SQL: SHOW COLUMNS FROM `test_news` [ RunTime:0.0399s ]
SQL: SELECT * FROM `test_news` WHERE `id` = 9 LIMIT 1   [ RunTime:0.0005s ]
INFO: [ view_parse ] --START--
INFO: [ template_filter ] --START--
INFO: Run Behavior\ContentReplaceBehavior [ RunTime:0.000076s ]
INFO: [ template_filter ] --END-- [ RunTime:0.000203s ]
NOTIC: [8] Undefined variable: data D:\sf\wamp\www\news\web\Runtime\Cache\Home\c699a5bed4ec07b03164651653649f77.php 第 5 行.
INFO: Run Behavior\ParseTemplateBehavior [ RunTime:0.007569s ]
INFO: [ view_parse ] --END-- [ RunTime:0.007698s ]
INFO: [ view_filter ] --START--
INFO: Run Behavior\WriteHtmlCacheBehavior [ RunTime:0.000504s ]
INFO: [ view_filter ] --END-- [ RunTime:0.000618s ]
INFO: [ app_end ] --START--
INFO: Run Behavior\ShowPageTraceBehavior [ RunTime:0.000879s ]
INFO: [ app_end ] --END-- [ RunTime:0.001017s ]

[ 2016-05-23T21:56:44+08:00 ] 127.0.0.1 /news/home/News/view/id/9
INFO: [ app_begin ] --START--
INFO: Run Behavior\ReadHtmlCacheBehavior [ RunTime:0.000731s ]
INFO: [ app_begin ] --END-- [ RunTime:0.001164s ]
SQL: SHOW COLUMNS FROM `test_news` [ RunTime:0.0053s ]
SQL: SELECT * FROM `test_news` WHERE `id` = 9 LIMIT 1   [ RunTime:0.0005s ]
INFO: [ view_parse ] --START--
INFO: [ template_filter ] --START--
INFO: Run Behavior\ContentReplaceBehavior [ RunTime:0.000077s ]
INFO: [ template_filter ] --END-- [ RunTime:0.000255s ]
NOTIC: [8] Undefined variable: data D:\sf\wamp\www\news\web\Runtime\Cache\Home\c699a5bed4ec07b03164651653649f77.php 第 5 行.
INFO: Run Behavior\ParseTemplateBehavior [ RunTime:0.008406s ]
INFO: [ view_parse ] --END-- [ RunTime:0.008537s ]
INFO: [ view_filter ] --START--
INFO: Run Behavior\WriteHtmlCacheBehavior [ RunTime:0.000504s ]
INFO: [ view_filter ] --END-- [ RunTime:0.000619s ]
INFO: [ app_end ] --START--
INFO: Run Behavior\ShowPageTraceBehavior [ RunTime:0.000834s ]
INFO: [ app_end ] --END-- [ RunTime:0.000962s ]

[ 2016-05-23T21:56:55+08:00 ] 127.0.0.1 /news/home/News/view/id/9
INFO: [ app_begin ] --START--
INFO: Run Behavior\ReadHtmlCacheBehavior [ RunTime:0.000701s ]
INFO: [ app_begin ] --END-- [ RunTime:0.001125s ]
SQL: SHOW COLUMNS FROM `test_news` [ RunTime:0.0064s ]
SQL: SELECT * FROM `test_news` WHERE `id` = 9 LIMIT 1   [ RunTime:0.0006s ]
INFO: [ view_parse ] --START--
INFO: [ template_filter ] --START--
INFO: Run Behavior\ContentReplaceBehavior [ RunTime:0.000087s ]
INFO: [ template_filter ] --END-- [ RunTime:0.000234s ]
NOTIC: [8] Undefined variable: data D:\sf\wamp\www\news\web\Runtime\Cache\Home\c699a5bed4ec07b03164651653649f77.php 第 5 行.
INFO: Run Behavior\ParseTemplateBehavior [ RunTime:0.008061s ]
INFO: [ view_parse ] --END-- [ RunTime:0.008207s ]
INFO: [ view_filter ] --START--
INFO: Run Behavior\WriteHtmlCacheBehavior [ RunTime:0.000572s ]
INFO: [ view_filter ] --END-- [ RunTime:0.000698s ]
INFO: [ app_end ] --START--
INFO: Run Behavior\ShowPageTraceBehavior [ RunTime:0.000798s ]
INFO: [ app_end ] --END-- [ RunTime:0.000937s ]

[ 2016-05-23T21:56:58+08:00 ] 127.0.0.1 /news/home/News/view/id/9
INFO: [ app_begin ] --START--
INFO: Run Behavior\ReadHtmlCacheBehavior [ RunTime:0.000774s ]
INFO: [ app_begin ] --END-- [ RunTime:0.001273s ]
SQL: SHOW COLUMNS FROM `test_news` [ RunTime:0.0067s ]
SQL: SELECT * FROM `test_news` WHERE `id` = 9 LIMIT 1   [ RunTime:0.0008s ]
INFO: [ view_parse ] --START--
INFO: [ template_filter ] --START--
INFO: Run Behavior\ContentReplaceBehavior [ RunTime:0.000077s ]
INFO: [ template_filter ] --END-- [ RunTime:0.000206s ]
NOTIC: [8] Undefined variable: data D:\sf\wamp\www\news\web\Runtime\Cache\Home\c699a5bed4ec07b03164651653649f77.php 第 5 行.
INFO: Run Behavior\ParseTemplateBehavior [ RunTime:0.007799s ]
INFO: [ view_parse ] --END-- [ RunTime:0.007928s ]
INFO: [ view_filter ] --START--
INFO: Run Behavior\WriteHtmlCacheBehavior [ RunTime:0.000508s ]
INFO: [ view_filter ] --END-- [ RunTime:0.000624s ]
INFO: [ app_end ] --START--
INFO: Run Behavior\ShowPageTraceBehavior [ RunTime:0.000700s ]
INFO: [ app_end ] --END-- [ RunTime:0.000821s ]

[ 2016-05-23T22:03:29+08:00 ] 127.0.0.1 /news/home/News/view/id/9
INFO: [ app_begin ] --START--
INFO: Run Behavior\ReadHtmlCacheBehavior [ RunTime:0.000758s ]
INFO: [ app_begin ] --END-- [ RunTime:0.001221s ]
SQL: SHOW COLUMNS FROM `test_news` [ RunTime:0.0063s ]
SQL: SELECT * FROM `test_news` WHERE `id` = 9 LIMIT 1   [ RunTime:0.0005s ]
INFO: [ view_parse ] --START--
INFO: [ template_filter ] --START--
INFO: Run Behavior\ContentReplaceBehavior [ RunTime:0.000078s ]
INFO: [ template_filter ] --END-- [ RunTime:0.000207s ]
NOTIC: [8] Undefined variable: data D:\sf\wamp\www\news\web\Runtime\Cache\Home\c699a5bed4ec07b03164651653649f77.php 第 5 行.
INFO: Run Behavior\ParseTemplateBehavior [ RunTime:0.007739s ]
INFO: [ view_parse ] --END-- [ RunTime:0.007870s ]
INFO: [ view_filter ] --START--
INFO: Run Behavior\WriteHtmlCacheBehavior [ RunTime:0.000518s ]
INFO: [ view_filter ] --END-- [ RunTime:0.000633s ]
INFO: [ app_end ] --START--
INFO: Run Behavior\ShowPageTraceBehavior [ RunTime:0.000800s ]
INFO: [ app_end ] --END-- [ RunTime:0.000926s ]

[ 2016-05-23T22:03:30+08:00 ] 127.0.0.1 /news/home/News/view/id/9
INFO: [ app_begin ] --START--
INFO: Run Behavior\ReadHtmlCacheBehavior [ RunTime:0.000703s ]
INFO: [ app_begin ] --END-- [ RunTime:0.001149s ]
SQL: SHOW COLUMNS FROM `test_news` [ RunTime:0.0062s ]
SQL: SELECT * FROM `test_news` WHERE `id` = 9 LIMIT 1   [ RunTime:0.0005s ]
INFO: [ view_parse ] --START--
INFO: [ template_filter ] --START--
INFO: Run Behavior\ContentReplaceBehavior [ RunTime:0.000078s ]
INFO: [ template_filter ] --END-- [ RunTime:0.000210s ]
NOTIC: [8] Undefined variable: data D:\sf\wamp\www\news\web\Runtime\Cache\Home\c699a5bed4ec07b03164651653649f77.php 第 5 行.
INFO: Run Behavior\ParseTemplateBehavior [ RunTime:0.007734s ]
INFO: [ view_parse ] --END-- [ RunTime:0.007861s ]
INFO: [ view_filter ] --START--
INFO: Run Behavior\WriteHtmlCacheBehavior [ RunTime:0.000492s ]
INFO: [ view_filter ] --END-- [ RunTime:0.000606s ]
INFO: [ app_end ] --START--
INFO: Run Behavior\ShowPageTraceBehavior [ RunTime:0.000691s ]
INFO: [ app_end ] --END-- [ RunTime:0.000810s ]

[ 2016-05-23T22:03:30+08:00 ] 127.0.0.1 /news/home/News/view/id/10
INFO: [ app_begin ] --START--
INFO: Run Behavior\ReadHtmlCacheBehavior [ RunTime:0.000705s ]
INFO: [ app_begin ] --END-- [ RunTime:0.001139s ]
SQL: SHOW COLUMNS FROM `test_news` [ RunTime:0.0092s ]
SQL: SELECT * FROM `test_news` WHERE `id` = 10 LIMIT 1   [ RunTime:0.0006s ]
INFO: [ view_parse ] --START--
INFO: [ template_filter ] --START--
INFO: Run Behavior\ContentReplaceBehavior [ RunTime:0.000076s ]
INFO: [ template_filter ] --END-- [ RunTime:0.000203s ]
NOTIC: [8] Undefined variable: data D:\sf\wamp\www\news\web\Runtime\Cache\Home\c699a5bed4ec07b03164651653649f77.php 第 5 行.
INFO: Run Behavior\ParseTemplateBehavior [ RunTime:0.007556s ]
INFO: [ view_parse ] --END-- [ RunTime:0.007705s ]
INFO: [ view_filter ] --START--
INFO: Run Behavior\WriteHtmlCacheBehavior [ RunTime:0.000498s ]
INFO: [ view_filter ] --END-- [ RunTime:0.000612s ]
INFO: [ app_end ] --START--
INFO: Run Behavior\ShowPageTraceBehavior [ RunTime:0.000700s ]
INFO: [ app_end ] --END-- [ RunTime:0.000819s ]

[ 2016-05-23T22:03:31+08:00 ] 127.0.0.1 /news/home/News/view/id/10
INFO: [ app_begin ] --START--
INFO: Run Behavior\ReadHtmlCacheBehavior [ RunTime:0.000722s ]
INFO: [ app_begin ] --END-- [ RunTime:0.001193s ]
SQL: SHOW COLUMNS FROM `test_news` [ RunTime:0.0058s ]
SQL: SELECT * FROM `test_news` WHERE `id` = 10 LIMIT 1   [ RunTime:0.0007s ]
INFO: [ view_parse ] --START--
INFO: [ template_filter ] --START--
INFO: Run Behavior\ContentReplaceBehavior [ RunTime:0.000084s ]
INFO: [ template_filter ] --END-- [ RunTime:0.000228s ]
NOTIC: [8] Undefined variable: data D:\sf\wamp\www\news\web\Runtime\Cache\Home\c699a5bed4ec07b03164651653649f77.php 第 5 行.
INFO: Run Behavior\ParseTemplateBehavior [ RunTime:0.008818s ]
INFO: [ view_parse ] --END-- [ RunTime:0.008955s ]
INFO: [ view_filter ] --START--
INFO: Run Behavior\WriteHtmlCacheBehavior [ RunTime:0.000547s ]
INFO: [ view_filter ] --END-- [ RunTime:0.000704s ]
INFO: [ app_end ] --START--
INFO: Run Behavior\ShowPageTraceBehavior [ RunTime:0.000757s ]
INFO: [ app_end ] --END-- [ RunTime:0.000878s ]

[ 2016-05-23T22:06:43+08:00 ] 127.0.0.1 /news/home/News/view/id/9
INFO: [ app_begin ] --START--
INFO: Run Behavior\ReadHtmlCacheBehavior [ RunTime:0.000709s ]
INFO: [ app_begin ] --END-- [ RunTime:0.001139s ]
SQL: SHOW COLUMNS FROM `test_news` [ RunTime:0.0063s ]
SQL: SELECT * FROM `test_news` WHERE `id` = 9 LIMIT 1   [ RunTime:0.0004s ]
INFO: [ view_parse ] --START--
INFO: [ template_filter ] --START--
INFO: Run Behavior\ContentReplaceBehavior [ RunTime:0.000079s ]
INFO: [ template_filter ] --END-- [ RunTime:0.000212s ]
NOTIC: [8] Undefined variable: data D:\sf\wamp\www\news\web\Runtime\Cache\Home\c699a5bed4ec07b03164651653649f77.php 第 5 行.
INFO: Run Behavior\ParseTemplateBehavior [ RunTime:0.008001s ]
INFO: [ view_parse ] --END-- [ RunTime:0.008137s ]
INFO: [ view_filter ] --START--
INFO: Run Behavior\WriteHtmlCacheBehavior [ RunTime:0.000593s ]
INFO: [ view_filter ] --END-- [ RunTime:0.000717s ]
INFO: [ app_end ] --START--
INFO: Run Behavior\ShowPageTraceBehavior [ RunTime:0.000782s ]
INFO: [ app_end ] --END-- [ RunTime:0.000912s ]

[ 2016-05-23T22:06:44+08:00 ] 127.0.0.1 /news/home/News/view/id/9
INFO: [ app_begin ] --START--
INFO: Run Behavior\ReadHtmlCacheBehavior [ RunTime:0.000710s ]
INFO: [ app_begin ] --END-- [ RunTime:0.001135s ]
SQL: SHOW COLUMNS FROM `test_news` [ RunTime:0.0065s ]
SQL: SELECT * FROM `test_news` WHERE `id` = 9 LIMIT 1   [ RunTime:0.0007s ]
INFO: [ view_parse ] --START--
INFO: [ template_filter ] --START--
INFO: Run Behavior\ContentReplaceBehavior [ RunTime:0.000077s ]
INFO: [ template_filter ] --END-- [ RunTime:0.000205s ]
NOTIC: [8] Undefined variable: data D:\sf\wamp\www\news\web\Runtime\Cache\Home\c699a5bed4ec07b03164651653649f77.php 第 5 行.
INFO: Run Behavior\ParseTemplateBehavior [ RunTime:0.007900s ]
INFO: [ view_parse ] --END-- [ RunTime:0.008030s ]
INFO: [ view_filter ] --START--
INFO: Run Behavior\WriteHtmlCacheBehavior [ RunTime:0.000562s ]
INFO: [ view_filter ] --END-- [ RunTime:0.000677s ]
INFO: [ app_end ] --START--
INFO: Run Behavior\ShowPageTraceBehavior [ RunTime:0.000759s ]
INFO: [ app_end ] --END-- [ RunTime:0.000877s ]

[ 2016-05-23T22:06:44+08:00 ] 127.0.0.1 /news/home/News/view/id/9
INFO: [ app_begin ] --START--
INFO: Run Behavior\ReadHtmlCacheBehavior [ RunTime:0.000705s ]
INFO: [ app_begin ] --END-- [ RunTime:0.001132s ]
SQL: SHOW COLUMNS FROM `test_news` [ RunTime:0.0068s ]
SQL: SELECT * FROM `test_news` WHERE `id` = 9 LIMIT 1   [ RunTime:0.0005s ]
INFO: [ view_parse ] --START--
INFO: [ template_filter ] --START--
INFO: Run Behavior\ContentReplaceBehavior [ RunTime:0.000079s ]
INFO: [ template_filter ] --END-- [ RunTime:0.000213s ]
NOTIC: [8] Undefined variable: data D:\sf\wamp\www\news\web\Runtime\Cache\Home\c699a5bed4ec07b03164651653649f77.php 第 5 行.
INFO: Run Behavior\ParseTemplateBehavior [ RunTime:0.009366s ]
INFO: [ view_parse ] --END-- [ RunTime:0.009531s ]
INFO: [ view_filter ] --START--
INFO: Run Behavior\WriteHtmlCacheBehavior [ RunTime:0.000517s ]
INFO: [ view_filter ] --END-- [ RunTime:0.000631s ]
INFO: [ app_end ] --START--
INFO: Run Behavior\ShowPageTraceBehavior [ RunTime:0.000753s ]
INFO: [ app_end ] --END-- [ RunTime:0.000873s ]

[ 2016-05-23T22:06:44+08:00 ] 127.0.0.1 /news/home/News/view/id/9
INFO: [ app_begin ] --START--
INFO: Run Behavior\ReadHtmlCacheBehavior [ RunTime:0.000765s ]
INFO: [ app_begin ] --END-- [ RunTime:0.001206s ]
SQL: SHOW COLUMNS FROM `test_news` [ RunTime:0.0051s ]
SQL: SELECT * FROM `test_news` WHERE `id` = 9 LIMIT 1   [ RunTime:0.0004s ]
INFO: [ view_parse ] --START--
INFO: [ template_filter ] --START--
INFO: Run Behavior\ContentReplaceBehavior [ RunTime:0.000075s ]
INFO: [ template_filter ] --END-- [ RunTime:0.000201s ]
NOTIC: [8] Undefined variable: data D:\sf\wamp\www\news\web\Runtime\Cache\Home\c699a5bed4ec07b03164651653649f77.php 第 5 行.
INFO: Run Behavior\ParseTemplateBehavior [ RunTime:0.008275s ]
INFO: [ view_parse ] --END-- [ RunTime:0.008407s ]
INFO: [ view_filter ] --START--
INFO: Run Behavior\WriteHtmlCacheBehavior [ RunTime:0.000551s ]
INFO: [ view_filter ] --END-- [ RunTime:0.000665s ]
INFO: [ app_end ] --START--
INFO: Run Behavior\ShowPageTraceBehavior [ RunTime:0.000811s ]
INFO: [ app_end ] --END-- [ RunTime:0.000930s ]

[ 2016-05-23T22:06:44+08:00 ] 127.0.0.1 /news/home/News/view/id/9
INFO: [ app_begin ] --START--
INFO: Run Behavior\ReadHtmlCacheBehavior [ RunTime:0.000727s ]
INFO: [ app_begin ] --END-- [ RunTime:0.001178s ]
SQL: SHOW COLUMNS FROM `test_news` [ RunTime:0.0051s ]
SQL: SELECT * FROM `test_news` WHERE `id` = 9 LIMIT 1   [ RunTime:0.0004s ]
INFO: [ view_parse ] --START--
INFO: [ template_filter ] --START--
INFO: Run Behavior\ContentReplaceBehavior [ RunTime:0.000076s ]
INFO: [ template_filter ] --END-- [ RunTime:0.000201s ]
NOTIC: [8] Undefined variable: data D:\sf\wamp\www\news\web\Runtime\Cache\Home\c699a5bed4ec07b03164651653649f77.php 第 5 行.
INFO: Run Behavior\ParseTemplateBehavior [ RunTime:0.007740s ]
INFO: [ view_parse ] --END-- [ RunTime:0.007892s ]
INFO: [ view_filter ] --START--
INFO: Run Behavior\WriteHtmlCacheBehavior [ RunTime:0.000565s ]
INFO: [ view_filter ] --END-- [ RunTime:0.000680s ]
INFO: [ app_end ] --START--
INFO: Run Behavior\ShowPageTraceBehavior [ RunTime:0.000792s ]
INFO: [ app_end ] --END-- [ RunTime:0.000912s ]

[ 2016-05-23T22:06:44+08:00 ] 127.0.0.1 /news/home/News/view/id/9
INFO: [ app_begin ] --START--
INFO: Run Behavior\ReadHtmlCacheBehavior [ RunTime:0.000979s ]
INFO: [ app_begin ] --END-- [ RunTime:0.001424s ]
SQL: SHOW COLUMNS FROM `test_news` [ RunTime:0.0054s ]
SQL: SELECT * FROM `test_news` WHERE `id` = 9 LIMIT 1   [ RunTime:0.0005s ]
INFO: [ view_parse ] --START--
INFO: [ template_filter ] --START--
INFO: Run Behavior\ContentReplaceBehavior [ RunTime:0.000076s ]
INFO: [ template_filter ] --END-- [ RunTime:0.000205s ]
NOTIC: [8] Undefined variable: data D:\sf\wamp\www\news\web\Runtime\Cache\Home\c699a5bed4ec07b03164651653649f77.php 第 5 行.
INFO: Run Behavior\ParseTemplateBehavior [ RunTime:0.008190s ]
INFO: [ view_parse ] --END-- [ RunTime:0.008323s ]
INFO: [ view_filter ] --START--
INFO: Run Behavior\WriteHtmlCacheBehavior [ RunTime:0.000516s ]
INFO: [ view_filter ] --END-- [ RunTime:0.000630s ]
INFO: [ app_end ] --START--
INFO: Run Behavior\ShowPageTraceBehavior [ RunTime:0.000753s ]
INFO: [ app_end ] --END-- [ RunTime:0.000875s ]

[ 2016-05-23T22:06:45+08:00 ] 127.0.0.1 /news/home/News/view/id/9
INFO: [ app_begin ] --START--
INFO: Run Behavior\ReadHtmlCacheBehavior [ RunTime:0.000850s ]
INFO: [ app_begin ] --END-- [ RunTime:0.001450s ]
SQL: SHOW COLUMNS FROM `test_news` [ RunTime:0.0054s ]
SQL: SELECT * FROM `test_news` WHERE `id` = 9 LIMIT 1   [ RunTime:0.0007s ]
INFO: [ view_parse ] --START--
INFO: [ template_filter ] --START--
INFO: Run Behavior\ContentReplaceBehavior [ RunTime:0.000076s ]
INFO: [ template_filter ] --END-- [ RunTime:0.000203s ]
NOTIC: [8] Undefined variable: data D:\sf\wamp\www\news\web\Runtime\Cache\Home\c699a5bed4ec07b03164651653649f77.php 第 5 行.
INFO: Run Behavior\ParseTemplateBehavior [ RunTime:0.007591s ]
INFO: [ view_parse ] --END-- [ RunTime:0.007721s ]
INFO: [ view_filter ] --START--
INFO: Run Behavior\WriteHtmlCacheBehavior [ RunTime:0.000513s ]
INFO: [ view_filter ] --END-- [ RunTime:0.000627s ]
INFO: [ app_end ] --START--
INFO: Run Behavior\ShowPageTraceBehavior [ RunTime:0.000776s ]
INFO: [ app_end ] --END-- [ RunTime:0.000898s ]

[ 2016-05-23T22:06:45+08:00 ] 127.0.0.1 /news/home/News/view/id/9
INFO: [ app_begin ] --START--
INFO: Run Behavior\ReadHtmlCacheBehavior [ RunTime:0.000875s ]
INFO: [ app_begin ] --END-- [ RunTime:0.001319s ]
SQL: SHOW COLUMNS FROM `test_news` [ RunTime:0.0126s ]
SQL: SELECT * FROM `test_news` WHERE `id` = 9 LIMIT 1   [ RunTime:0.0005s ]
INFO: [ view_parse ] --START--
INFO: [ template_filter ] --START--
INFO: Run Behavior\ContentReplaceBehavior [ RunTime:0.000077s ]
INFO: [ template_filter ] --END-- [ RunTime:0.000210s ]
NOTIC: [8] Undefined variable: data D:\sf\wamp\www\news\web\Runtime\Cache\Home\c699a5bed4ec07b03164651653649f77.php 第 5 行.
INFO: Run Behavior\ParseTemplateBehavior [ RunTime:0.007963s ]
INFO: [ view_parse ] --END-- [ RunTime:0.008117s ]
INFO: [ view_filter ] --START--
INFO: Run Behavior\WriteHtmlCacheBehavior [ RunTime:0.000669s ]
INFO: [ view_filter ] --END-- [ RunTime:0.000819s ]
INFO: [ app_end ] --START--
INFO: Run Behavior\ShowPageTraceBehavior [ RunTime:0.000763s ]
INFO: [ app_end ] --END-- [ RunTime:0.000885s ]

[ 2016-05-23T22:06:45+08:00 ] 127.0.0.1 /news/home/News/view/id/9
INFO: [ app_begin ] --START--
INFO: Run Behavior\ReadHtmlCacheBehavior [ RunTime:0.000710s ]
INFO: [ app_begin ] --END-- [ RunTime:0.001140s ]
SQL: SHOW COLUMNS FROM `test_news` [ RunTime:0.0053s ]
SQL: SELECT * FROM `test_news` WHERE `id` = 9 LIMIT 1   [ RunTime:0.0005s ]
INFO: [ view_parse ] --START--
INFO: [ template_filter ] --START--
INFO: Run Behavior\ContentReplaceBehavior [ RunTime:0.000077s ]
INFO: [ template_filter ] --END-- [ RunTime:0.000203s ]
NOTIC: [8] Undefined variable: data D:\sf\wamp\www\news\web\Runtime\Cache\Home\c699a5bed4ec07b03164651653649f77.php 第 5 行.
INFO: Run Behavior\ParseTemplateBehavior [ RunTime:0.007939s ]
INFO: [ view_parse ] --END-- [ RunTime:0.008070s ]
INFO: [ view_filter ] --START--
INFO: Run Behavior\WriteHtmlCacheBehavior [ RunTime:0.000544s ]
INFO: [ view_filter ] --END-- [ RunTime:0.000657s ]
INFO: [ app_end ] --START--
INFO: Run Behavior\ShowPageTraceBehavior [ RunTime:0.000799s ]
INFO: [ app_end ] --END-- [ RunTime:0.000919s ]

[ 2016-05-23T22:06:46+08:00 ] 127.0.0.1 /news/home/News/view/id/9
INFO: [ app_begin ] --START--
INFO: Run Behavior\ReadHtmlCacheBehavior [ RunTime:0.000798s ]
INFO: [ app_begin ] --END-- [ RunTime:0.001294s ]
SQL: SHOW COLUMNS FROM `test_news` [ RunTime:0.0821s ]
SQL: SELECT * FROM `test_news` WHERE `id` = 9 LIMIT 1   [ RunTime:0.0010s ]
INFO: [ view_parse ] --START--
INFO: [ template_filter ] --START--
INFO: Run Behavior\ContentReplaceBehavior [ RunTime:0.000077s ]
INFO: [ template_filter ] --END-- [ RunTime:0.000204s ]
NOTIC: [8] Undefined variable: data D:\sf\wamp\www\news\web\Runtime\Cache\Home\c699a5bed4ec07b03164651653649f77.php 第 5 行.
INFO: Run Behavior\ParseTemplateBehavior [ RunTime:0.007620s ]
INFO: [ view_parse ] --END-- [ RunTime:0.007787s ]
INFO: [ view_filter ] --START--
INFO: Run Behavior\WriteHtmlCacheBehavior [ RunTime:0.000514s ]
INFO: [ view_filter ] --END-- [ RunTime:0.000627s ]
INFO: [ app_end ] --START--
INFO: Run Behavior\ShowPageTraceBehavior [ RunTime:0.000707s ]
INFO: [ app_end ] --END-- [ RunTime:0.000827s ]

[ 2016-05-23T22:06:46+08:00 ] 127.0.0.1 /news/home/News/view/id/9
INFO: [ app_begin ] --START--
INFO: Run Behavior\ReadHtmlCacheBehavior [ RunTime:0.000717s ]
INFO: [ app_begin ] --END-- [ RunTime:0.001143s ]
SQL: SHOW COLUMNS FROM `test_news` [ RunTime:0.0050s ]
SQL: SELECT * FROM `test_news` WHERE `id` = 9 LIMIT 1   [ RunTime:0.0005s ]
INFO: [ view_parse ] --START--
INFO: [ template_filter ] --START--
INFO: Run Behavior\ContentReplaceBehavior [ RunTime:0.000085s ]
INFO: [ template_filter ] --END-- [ RunTime:0.000228s ]
NOTIC: [8] Undefined variable: data D:\sf\wamp\www\news\web\Runtime\Cache\Home\c699a5bed4ec07b03164651653649f77.php 第 5 行.
INFO: Run Behavior\ParseTemplateBehavior [ RunTime:0.008463s ]
INFO: [ view_parse ] --END-- [ RunTime:0.008653s ]
INFO: [ view_filter ] --START--
INFO: Run Behavior\WriteHtmlCacheBehavior [ RunTime:0.000604s ]
INFO: [ view_filter ] --END-- [ RunTime:0.000758s ]
INFO: [ app_end ] --START--
INFO: Run Behavior\ShowPageTraceBehavior [ RunTime:0.000767s ]
INFO: [ app_end ] --END-- [ RunTime:0.000888s ]

[ 2016-05-23T22:06:46+08:00 ] 127.0.0.1 /news/home/News/view/id/9
INFO: [ app_begin ] --START--
INFO: Run Behavior\ReadHtmlCacheBehavior [ RunTime:0.000735s ]
INFO: [ app_begin ] --END-- [ RunTime:0.001251s ]
SQL: SHOW COLUMNS FROM `test_news` [ RunTime:0.0144s ]
SQL: SELECT * FROM `test_news` WHERE `id` = 9 LIMIT 1   [ RunTime:0.0007s ]
INFO: [ view_parse ] --START--
INFO: [ template_filter ] --START--
INFO: Run Behavior\ContentReplaceBehavior [ RunTime:0.000076s ]
INFO: [ template_filter ] --END-- [ RunTime:0.000202s ]
NOTIC: [8] Undefined variable: data D:\sf\wamp\www\news\web\Runtime\Cache\Home\c699a5bed4ec07b03164651653649f77.php 第 5 行.
INFO: Run Behavior\ParseTemplateBehavior [ RunTime:0.007753s ]
INFO: [ view_parse ] --END-- [ RunTime:0.007880s ]
INFO: [ view_filter ] --START--
INFO: Run Behavior\WriteHtmlCacheBehavior [ RunTime:0.000552s ]
INFO: [ view_filter ] --END-- [ RunTime:0.000666s ]
INFO: [ app_end ] --START--
INFO: Run Behavior\ShowPageTraceBehavior [ RunTime:0.000705s ]
INFO: [ app_end ] --END-- [ RunTime:0.000825s ]

[ 2016-05-23T22:06:46+08:00 ] 127.0.0.1 /news/home/News/view/id/9
INFO: [ app_begin ] --START--
INFO: Run Behavior\ReadHtmlCacheBehavior [ RunTime:0.000784s ]
INFO: [ app_begin ] --END-- [ RunTime:0.001288s ]
SQL: SHOW COLUMNS FROM `test_news` [ RunTime:0.0055s ]
SQL: SELECT * FROM `test_news` WHERE `id` = 9 LIMIT 1   [ RunTime:0.0005s ]
INFO: [ view_parse ] --START--
INFO: [ template_filter ] --START--
INFO: Run Behavior\ContentReplaceBehavior [ RunTime:0.000078s ]
INFO: [ template_filter ] --END-- [ RunTime:0.000210s ]
NOTIC: [8] Undefined variable: data D:\sf\wamp\www\news\web\Runtime\Cache\Home\c699a5bed4ec07b03164651653649f77.php 第 5 行.
INFO: Run Behavior\ParseTemplateBehavior [ RunTime:0.007979s ]
INFO: [ view_parse ] --END-- [ RunTime:0.008109s ]
INFO: [ view_filter ] --START--
INFO: Run Behavior\WriteHtmlCacheBehavior [ RunTime:0.000506s ]
INFO: [ view_filter ] --END-- [ RunTime:0.000620s ]
INFO: [ app_end ] --START--
INFO: Run Behavior\ShowPageTraceBehavior [ RunTime:0.000701s ]
INFO: [ app_end ] --END-- [ RunTime:0.000821s ]

[ 2016-05-23T22:06:47+08:00 ] 127.0.0.1 /news/home/News/view/id/9
INFO: [ app_begin ] --START--
INFO: Run Behavior\ReadHtmlCacheBehavior [ RunTime:0.000893s ]
INFO: [ app_begin ] --END-- [ RunTime:0.001503s ]
SQL: SHOW COLUMNS FROM `test_news` [ RunTime:0.0385s ]
SQL: SELECT * FROM `test_news` WHERE `id` = 9 LIMIT 1   [ RunTime:0.0008s ]
INFO: [ view_parse ] --START--
INFO: [ template_filter ] --START--
INFO: Run Behavior\ContentReplaceBehavior [ RunTime:0.000156s ]
INFO: [ template_filter ] --END-- [ RunTime:0.000424s ]
NOTIC: [8] Undefined variable: data D:\sf\wamp\www\news\web\Runtime\Cache\Home\c699a5bed4ec07b03164651653649f77.php 第 5 行.
INFO: Run Behavior\ParseTemplateBehavior [ RunTime:0.013349s ]
INFO: [ view_parse ] --END-- [ RunTime:0.013544s ]
INFO: [ view_filter ] --START--
INFO: Run Behavior\WriteHtmlCacheBehavior [ RunTime:0.000711s ]
INFO: [ view_filter ] --END-- [ RunTime:0.000847s ]
INFO: [ app_end ] --START--
INFO: Run Behavior\ShowPageTraceBehavior [ RunTime:0.000953s ]
INFO: [ app_end ] --END-- [ RunTime:0.001099s ]

[ 2016-05-23T22:06:47+08:00 ] 127.0.0.1 /news/home/News/view/id/9
INFO: [ app_begin ] --START--
INFO: Run Behavior\ReadHtmlCacheBehavior [ RunTime:0.001693s ]
INFO: [ app_begin ] --END-- [ RunTime:0.002630s ]
SQL: SHOW COLUMNS FROM `test_news` [ RunTime:0.0047s ]
SQL: SELECT * FROM `test_news` WHERE `id` = 9 LIMIT 1   [ RunTime:0.0004s ]
INFO: [ view_parse ] --START--
INFO: [ template_filter ] --START--
INFO: Run Behavior\ContentReplaceBehavior [ RunTime:0.000082s ]
INFO: [ template_filter ] --END-- [ RunTime:0.000217s ]
NOTIC: [8] Undefined variable: data D:\sf\wamp\www\news\web\Runtime\Cache\Home\c699a5bed4ec07b03164651653649f77.php 第 5 行.
INFO: Run Behavior\ParseTemplateBehavior [ RunTime:0.008998s ]
INFO: [ view_parse ] --END-- [ RunTime:0.009209s ]
INFO: [ view_filter ] --START--
INFO: Run Behavior\WriteHtmlCacheBehavior [ RunTime:0.000847s ]
INFO: [ view_filter ] --END-- [ RunTime:0.001089s ]
INFO: [ app_end ] --START--
INFO: Run Behavior\ShowPageTraceBehavior [ RunTime:0.001182s ]
INFO: [ app_end ] --END-- [ RunTime:0.001411s ]

[ 2016-05-23T22:06:47+08:00 ] 127.0.0.1 /news/home/News/view/id/10
INFO: [ app_begin ] --START--
INFO: Run Behavior\ReadHtmlCacheBehavior [ RunTime:0.000818s ]
INFO: [ app_begin ] --END-- [ RunTime:0.001276s ]
SQL: SHOW COLUMNS FROM `test_news` [ RunTime:0.0052s ]
SQL: SELECT * FROM `test_news` WHERE `id` = 10 LIMIT 1   [ RunTime:0.0004s ]
INFO: [ view_parse ] --START--
INFO: [ template_filter ] --START--
INFO: Run Behavior\ContentReplaceBehavior [ RunTime:0.000079s ]
INFO: [ template_filter ] --END-- [ RunTime:0.000212s ]
NOTIC: [8] Undefined variable: data D:\sf\wamp\www\news\web\Runtime\Cache\Home\c699a5bed4ec07b03164651653649f77.php 第 5 行.
INFO: Run Behavior\ParseTemplateBehavior [ RunTime:0.007778s ]
INFO: [ view_parse ] --END-- [ RunTime:0.007910s ]
INFO: [ view_filter ] --START--
INFO: Run Behavior\WriteHtmlCacheBehavior [ RunTime:0.000525s ]
INFO: [ view_filter ] --END-- [ RunTime:0.000640s ]
INFO: [ app_end ] --START--
INFO: Run Behavior\ShowPageTraceBehavior [ RunTime:0.000718s ]
INFO: [ app_end ] --END-- [ RunTime:0.000837s ]

[ 2016-05-23T22:06:48+08:00 ] 127.0.0.1 /news/home/News/view/id/10
INFO: [ app_begin ] --START--
INFO: Run Behavior\ReadHtmlCacheBehavior [ RunTime:0.000717s ]
INFO: [ app_begin ] --END-- [ RunTime:0.001154s ]
SQL: SHOW COLUMNS FROM `test_news` [ RunTime:0.0428s ]
SQL: SELECT * FROM `test_news` WHERE `id` = 10 LIMIT 1   [ RunTime:0.0005s ]
INFO: [ view_parse ] --START--
INFO: [ template_filter ] --START--
INFO: Run Behavior\ContentReplaceBehavior [ RunTime:0.000077s ]
INFO: [ template_filter ] --END-- [ RunTime:0.000207s ]
NOTIC: [8] Undefined variable: data D:\sf\wamp\www\news\web\Runtime\Cache\Home\c699a5bed4ec07b03164651653649f77.php 第 5 行.
INFO: Run Behavior\ParseTemplateBehavior [ RunTime:0.007787s ]
INFO: [ view_parse ] --END-- [ RunTime:0.007917s ]
INFO: [ view_filter ] --START--
INFO: Run Behavior\WriteHtmlCacheBehavior [ RunTime:0.000563s ]
INFO: [ view_filter ] --END-- [ RunTime:0.000679s ]
INFO: [ app_end ] --START--
INFO: Run Behavior\ShowPageTraceBehavior [ RunTime:0.000775s ]
INFO: [ app_end ] --END-- [ RunTime:0.000895s ]

[ 2016-05-23T22:06:48+08:00 ] 127.0.0.1 /news/home/News/view/id/10
INFO: [ app_begin ] --START--
INFO: Run Behavior\ReadHtmlCacheBehavior [ RunTime:0.000777s ]
INFO: [ app_begin ] --END-- [ RunTime:0.001237s ]
SQL: SHOW COLUMNS FROM `test_news` [ RunTime:0.0052s ]
SQL: SELECT * FROM `test_news` WHERE `id` = 10 LIMIT 1   [ RunTime:0.0005s ]
INFO: [ view_parse ] --START--
INFO: [ template_filter ] --START--
INFO: Run Behavior\ContentReplaceBehavior [ RunTime:0.000113s ]
INFO: [ template_filter ] --END-- [ RunTime:0.000248s ]
NOTIC: [8] Undefined variable: data D:\sf\wamp\www\news\web\Runtime\Cache\Home\c699a5bed4ec07b03164651653649f77.php 第 5 行.
INFO: Run Behavior\ParseTemplateBehavior [ RunTime:0.009250s ]
INFO: [ view_parse ] --END-- [ RunTime:0.009385s ]
INFO: [ view_filter ] --START--
INFO: Run Behavior\WriteHtmlCacheBehavior [ RunTime:0.000516s ]
INFO: [ view_filter ] --END-- [ RunTime:0.000631s ]
INFO: [ app_end ] --START--
INFO: Run Behavior\ShowPageTraceBehavior [ RunTime:0.000758s ]
INFO: [ app_end ] --END-- [ RunTime:0.000877s ]

[ 2016-05-23T22:07:50+08:00 ] 127.0.0.1 /news/home/News/view/id/9
INFO: [ app_begin ] --START--
INFO: Run Behavior\ReadHtmlCacheBehavior [ RunTime:0.001127s ]
INFO: [ app_begin ] --END-- [ RunTime:0.001875s ]
SQL: SHOW COLUMNS FROM `test_news` [ RunTime:0.0342s ]
SQL: SELECT * FROM `test_news` WHERE `id` = 9 LIMIT 1   [ RunTime:0.0006s ]
INFO: [ view_parse ] --START--
INFO: [ template_filter ] --START--
INFO: Run Behavior\ContentReplaceBehavior [ RunTime:0.000075s ]
INFO: [ template_filter ] --END-- [ RunTime:0.000203s ]
NOTIC: [8] Undefined variable: data D:\sf\wamp\www\news\web\Runtime\Cache\Home\c699a5bed4ec07b03164651653649f77.php 第 5 行.
INFO: Run Behavior\ParseTemplateBehavior [ RunTime:0.007826s ]
INFO: [ view_parse ] --END-- [ RunTime:0.007956s ]
INFO: [ view_filter ] --START--
INFO: Run Behavior\WriteHtmlCacheBehavior [ RunTime:0.000520s ]
INFO: [ view_filter ] --END-- [ RunTime:0.000634s ]
INFO: [ app_end ] --START--
INFO: Run Behavior\ShowPageTraceBehavior [ RunTime:0.000716s ]
INFO: [ app_end ] --END-- [ RunTime:0.000837s ]

[ 2016-05-23T22:07:51+08:00 ] 127.0.0.1 /news/home/News/view/id/9
INFO: [ app_begin ] --START--
INFO: Run Behavior\ReadHtmlCacheBehavior [ RunTime:0.000712s ]
INFO: [ app_begin ] --END-- [ RunTime:0.001133s ]
SQL: SHOW COLUMNS FROM `test_news` [ RunTime:0.0424s ]
SQL: SELECT * FROM `test_news` WHERE `id` = 9 LIMIT 1   [ RunTime:0.0007s ]
INFO: [ view_parse ] --START--
INFO: [ template_filter ] --START--
INFO: Run Behavior\ContentReplaceBehavior [ RunTime:0.000079s ]
INFO: [ template_filter ] --END-- [ RunTime:0.000214s ]
NOTIC: [8] Undefined variable: data D:\sf\wamp\www\news\web\Runtime\Cache\Home\c699a5bed4ec07b03164651653649f77.php 第 5 行.
INFO: Run Behavior\ParseTemplateBehavior [ RunTime:0.007864s ]
INFO: [ view_parse ] --END-- [ RunTime:0.007995s ]
INFO: [ view_filter ] --START--
INFO: Run Behavior\WriteHtmlCacheBehavior [ RunTime:0.000528s ]
INFO: [ view_filter ] --END-- [ RunTime:0.000643s ]
INFO: [ app_end ] --START--
INFO: Run Behavior\ShowPageTraceBehavior [ RunTime:0.000704s ]
INFO: [ app_end ] --END-- [ RunTime:0.000823s ]

[ 2016-05-23T22:07:51+08:00 ] 127.0.0.1 /news/home/News/view/id/9
INFO: [ app_begin ] --START--
INFO: Run Behavior\ReadHtmlCacheBehavior [ RunTime:0.000716s ]
INFO: [ app_begin ] --END-- [ RunTime:0.001144s ]
SQL: SHOW COLUMNS FROM `test_news` [ RunTime:0.0050s ]
SQL: SELECT * FROM `test_news` WHERE `id` = 9 LIMIT 1   [ RunTime:0.0006s ]
INFO: [ view_parse ] --START--
INFO: [ template_filter ] --START--
INFO: Run Behavior\ContentReplaceBehavior [ RunTime:0.000075s ]
INFO: [ template_filter ] --END-- [ RunTime:0.000206s ]
NOTIC: [8] Undefined variable: data D:\sf\wamp\www\news\web\Runtime\Cache\Home\c699a5bed4ec07b03164651653649f77.php 第 5 行.
INFO: Run Behavior\ParseTemplateBehavior [ RunTime:0.008300s ]
INFO: [ view_parse ] --END-- [ RunTime:0.008451s ]
INFO: [ view_filter ] --START--
INFO: Run Behavior\WriteHtmlCacheBehavior [ RunTime:0.000699s ]
INFO: [ view_filter ] --END-- [ RunTime:0.000882s ]
INFO: [ app_end ] --START--
INFO: Run Behavior\ShowPageTraceBehavior [ RunTime:0.000781s ]
INFO: [ app_end ] --END-- [ RunTime:0.000909s ]

[ 2016-05-23T22:07:51+08:00 ] 127.0.0.1 /news/home/News/view/id/9
INFO: [ app_begin ] --START--
INFO: Run Behavior\ReadHtmlCacheBehavior [ RunTime:0.000712s ]
INFO: [ app_begin ] --END-- [ RunTime:0.001140s ]
SQL: SHOW COLUMNS FROM `test_news` [ RunTime:0.0050s ]
SQL: SELECT * FROM `test_news` WHERE `id` = 9 LIMIT 1   [ RunTime:0.0005s ]
INFO: [ view_parse ] --START--
INFO: [ template_filter ] --START--
INFO: Run Behavior\ContentReplaceBehavior [ RunTime:0.000075s ]
INFO: [ template_filter ] --END-- [ RunTime:0.000205s ]
NOTIC: [8] Undefined variable: data D:\sf\wamp\www\news\web\Runtime\Cache\Home\c699a5bed4ec07b03164651653649f77.php 第 5 行.
INFO: Run Behavior\ParseTemplateBehavior [ RunTime:0.007824s ]
INFO: [ view_parse ] --END-- [ RunTime:0.007953s ]
INFO: [ view_filter ] --START--
INFO: Run Behavior\WriteHtmlCacheBehavior [ RunTime:0.000521s ]
INFO: [ view_filter ] --END-- [ RunTime:0.000636s ]
INFO: [ app_end ] --START--
INFO: Run Behavior\ShowPageTraceBehavior [ RunTime:0.000724s ]
INFO: [ app_end ] --END-- [ RunTime:0.000843s ]

[ 2016-05-23T22:07:52+08:00 ] 127.0.0.1 /news/home/News/view/id/9
INFO: [ app_begin ] --START--
INFO: Run Behavior\ReadHtmlCacheBehavior [ RunTime:0.000722s ]
INFO: [ app_begin ] --END-- [ RunTime:0.001185s ]
SQL: SHOW COLUMNS FROM `test_news` [ RunTime:0.0056s ]
SQL: SELECT * FROM `test_news` WHERE `id` = 9 LIMIT 1   [ RunTime:0.0006s ]
INFO: [ view_parse ] --START--
INFO: [ template_filter ] --START--
INFO: Run Behavior\ContentReplaceBehavior [ RunTime:0.000075s ]
INFO: [ template_filter ] --END-- [ RunTime:0.000202s ]
NOTIC: [8] Undefined variable: data D:\sf\wamp\www\news\web\Runtime\Cache\Home\c699a5bed4ec07b03164651653649f77.php 第 5 行.
INFO: Run Behavior\ParseTemplateBehavior [ RunTime:0.007536s ]
INFO: [ view_parse ] --END-- [ RunTime:0.007661s ]
INFO: [ view_filter ] --START--
INFO: Run Behavior\WriteHtmlCacheBehavior [ RunTime:0.000576s ]
INFO: [ view_filter ] --END-- [ RunTime:0.000692s ]
INFO: [ app_end ] --START--
INFO: Run Behavior\ShowPageTraceBehavior [ RunTime:0.000827s ]
INFO: [ app_end ] --END-- [ RunTime:0.001017s ]

[ 2016-05-23T22:07:52+08:00 ] 127.0.0.1 /news/home/News/view/id/10
INFO: [ app_begin ] --START--
INFO: Run Behavior\ReadHtmlCacheBehavior [ RunTime:0.000724s ]
INFO: [ app_begin ] --END-- [ RunTime:0.001177s ]
SQL: SHOW COLUMNS FROM `test_news` [ RunTime:0.0053s ]
SQL: SELECT * FROM `test_news` WHERE `id` = 10 LIMIT 1   [ RunTime:0.0007s ]
INFO: [ view_parse ] --START--
INFO: [ template_filter ] --START--
INFO: Run Behavior\ContentReplaceBehavior [ RunTime:0.000078s ]
INFO: [ template_filter ] --END-- [ RunTime:0.000208s ]
NOTIC: [8] Undefined variable: data D:\sf\wamp\www\news\web\Runtime\Cache\Home\c699a5bed4ec07b03164651653649f77.php 第 5 行.
INFO: Run Behavior\ParseTemplateBehavior [ RunTime:0.007608s ]
INFO: [ view_parse ] --END-- [ RunTime:0.007797s ]
INFO: [ view_filter ] --START--
INFO: Run Behavior\WriteHtmlCacheBehavior [ RunTime:0.000701s ]
INFO: [ view_filter ] --END-- [ RunTime:0.000852s ]
INFO: [ app_end ] --START--
INFO: Run Behavior\ShowPageTraceBehavior [ RunTime:0.000900s ]
INFO: [ app_end ] --END-- [ RunTime:0.001048s ]

[ 2016-05-23T22:07:52+08:00 ] 127.0.0.1 /news/home/News/view/id/10
INFO: [ app_begin ] --START--
INFO: Run Behavior\ReadHtmlCacheBehavior [ RunTime:0.000937s ]
INFO: [ app_begin ] --END-- [ RunTime:0.001479s ]
SQL: SHOW COLUMNS FROM `test_news` [ RunTime:0.0422s ]
SQL: SELECT * FROM `test_news` WHERE `id` = 10 LIMIT 1   [ RunTime:0.0006s ]
INFO: [ view_parse ] --START--
INFO: [ template_filter ] --START--
INFO: Run Behavior\ContentReplaceBehavior [ RunTime:0.000078s ]
INFO: [ template_filter ] --END-- [ RunTime:0.000213s ]
NOTIC: [8] Undefined variable: data D:\sf\wamp\www\news\web\Runtime\Cache\Home\c699a5bed4ec07b03164651653649f77.php 第 5 行.
INFO: Run Behavior\ParseTemplateBehavior [ RunTime:0.010410s ]
INFO: [ view_parse ] --END-- [ RunTime:0.010547s ]
INFO: [ view_filter ] --START--
INFO: Run Behavior\WriteHtmlCacheBehavior [ RunTime:0.000564s ]
INFO: [ view_filter ] --END-- [ RunTime:0.000680s ]
INFO: [ app_end ] --START--
INFO: Run Behavior\ShowPageTraceBehavior [ RunTime:0.000767s ]
INFO: [ app_end ] --END-- [ RunTime:0.000890s ]

[ 2016-05-23T22:07:53+08:00 ] 127.0.0.1 /news/home/News/view/id/8
INFO: [ app_begin ] --START--
INFO: Run Behavior\ReadHtmlCacheBehavior [ RunTime:0.000709s ]
INFO: [ app_begin ] --END-- [ RunTime:0.001140s ]
SQL: SHOW COLUMNS FROM `test_news` [ RunTime:0.0449s ]
SQL: SELECT * FROM `test_news` WHERE `id` = 8 LIMIT 1   [ RunTime:0.0005s ]
INFO: [ view_parse ] --START--
INFO: [ template_filter ] --START--
INFO: Run Behavior\ContentReplaceBehavior [ RunTime:0.000110s ]
INFO: [ template_filter ] --END-- [ RunTime:0.000329s ]
NOTIC: [8] Undefined variable: data D:\sf\wamp\www\news\web\Runtime\Cache\Home\c699a5bed4ec07b03164651653649f77.php 第 5 行.
INFO: Run Behavior\ParseTemplateBehavior [ RunTime:0.009228s ]
INFO: [ view_parse ] --END-- [ RunTime:0.009434s ]
INFO: [ view_filter ] --START--
INFO: Run Behavior\WriteHtmlCacheBehavior [ RunTime:0.000929s ]
INFO: [ view_filter ] --END-- [ RunTime:0.001194s ]
INFO: [ app_end ] --START--
INFO: Run Behavior\ShowPageTraceBehavior [ RunTime:0.001123s ]
INFO: [ app_end ] --END-- [ RunTime:0.001324s ]

[ 2016-05-23T22:07:54+08:00 ] 127.0.0.1 /news/home/News/view/id/8
INFO: [ app_begin ] --START--
INFO: Run Behavior\ReadHtmlCacheBehavior [ RunTime:0.001079s ]
INFO: [ app_begin ] --END-- [ RunTime:0.001775s ]
SQL: SHOW COLUMNS FROM `test_news` [ RunTime:0.0053s ]
SQL: SELECT * FROM `test_news` WHERE `id` = 8 LIMIT 1   [ RunTime:0.0007s ]
INFO: [ view_parse ] --START--
INFO: [ template_filter ] --START--
INFO: Run Behavior\ContentReplaceBehavior [ RunTime:0.000074s ]
INFO: [ template_filter ] --END-- [ RunTime:0.000206s ]
NOTIC: [8] Undefined variable: data D:\sf\wamp\www\news\web\Runtime\Cache\Home\c699a5bed4ec07b03164651653649f77.php 第 5 行.
INFO: Run Behavior\ParseTemplateBehavior [ RunTime:0.007921s ]
INFO: [ view_parse ] --END-- [ RunTime:0.008067s ]
INFO: [ view_filter ] --START--
INFO: Run Behavior\WriteHtmlCacheBehavior [ RunTime:0.000513s ]
INFO: [ view_filter ] --END-- [ RunTime:0.000627s ]
INFO: [ app_end ] --START--
INFO: Run Behavior\ShowPageTraceBehavior [ RunTime:0.000753s ]
INFO: [ app_end ] --END-- [ RunTime:0.000935s ]

[ 2016-05-23T22:07:54+08:00 ] 127.0.0.1 /news/home/News/view/id/8
INFO: [ app_begin ] --START--
INFO: Run Behavior\ReadHtmlCacheBehavior [ RunTime:0.000713s ]
INFO: [ app_begin ] --END-- [ RunTime:0.001142s ]
SQL: SHOW COLUMNS FROM `test_news` [ RunTime:0.0357s ]
SQL: SELECT * FROM `test_news` WHERE `id` = 8 LIMIT 1   [ RunTime:0.0006s ]
INFO: [ view_parse ] --START--
INFO: [ template_filter ] --START--
INFO: Run Behavior\ContentReplaceBehavior [ RunTime:0.000105s ]
INFO: [ template_filter ] --END-- [ RunTime:0.000318s ]
NOTIC: [8] Undefined variable: data D:\sf\wamp\www\news\web\Runtime\Cache\Home\c699a5bed4ec07b03164651653649f77.php 第 5 行.
INFO: Run Behavior\ParseTemplateBehavior [ RunTime:0.010914s ]
INFO: [ view_parse ] --END-- [ RunTime:0.011095s ]
INFO: [ view_filter ] --START--
INFO: Run Behavior\WriteHtmlCacheBehavior [ RunTime:0.000736s ]
INFO: [ view_filter ] --END-- [ RunTime:0.000920s ]
INFO: [ app_end ] --START--
INFO: Run Behavior\ShowPageTraceBehavior [ RunTime:0.000776s ]
INFO: [ app_end ] --END-- [ RunTime:0.000903s ]

[ 2016-05-23T22:07:54+08:00 ] 127.0.0.1 /news/home/News/view/id/8
INFO: [ app_begin ] --START--
INFO: Run Behavior\ReadHtmlCacheBehavior [ RunTime:0.000722s ]
INFO: [ app_begin ] --END-- [ RunTime:0.001165s ]
SQL: SHOW COLUMNS FROM `test_news` [ RunTime:0.0056s ]
SQL: SELECT * FROM `test_news` WHERE `id` = 8 LIMIT 1   [ RunTime:0.0005s ]
INFO: [ view_parse ] --START--
INFO: [ template_filter ] --START--
INFO: Run Behavior\ContentReplaceBehavior [ RunTime:0.000083s ]
INFO: [ template_filter ] --END-- [ RunTime:0.000226s ]
NOTIC: [8] Undefined variable: data D:\sf\wamp\www\news\web\Runtime\Cache\Home\c699a5bed4ec07b03164651653649f77.php 第 5 行.
INFO: Run Behavior\ParseTemplateBehavior [ RunTime:0.008094s ]
INFO: [ view_parse ] --END-- [ RunTime:0.008224s ]
INFO: [ view_filter ] --START--
INFO: Run Behavior\WriteHtmlCacheBehavior [ RunTime:0.000518s ]
INFO: [ view_filter ] --END-- [ RunTime:0.000641s ]
INFO: [ app_end ] --START--
INFO: Run Behavior\ShowPageTraceBehavior [ RunTime:0.000821s ]
INFO: [ app_end ] --END-- [ RunTime:0.000963s ]

[ 2016-05-23T22:07:54+08:00 ] 127.0.0.1 /news/home/News/view/id/8
INFO: [ app_begin ] --START--
INFO: Run Behavior\ReadHtmlCacheBehavior [ RunTime:0.001067s ]
INFO: [ app_begin ] --END-- [ RunTime:0.001504s ]
SQL: SHOW COLUMNS FROM `test_news` [ RunTime:0.0050s ]
SQL: SELECT * FROM `test_news` WHERE `id` = 8 LIMIT 1   [ RunTime:0.0007s ]
INFO: [ view_parse ] --START--
INFO: [ template_filter ] --START--
INFO: Run Behavior\ContentReplaceBehavior [ RunTime:0.000103s ]
INFO: [ template_filter ] --END-- [ RunTime:0.000237s ]
NOTIC: [8] Undefined variable: data D:\sf\wamp\www\news\web\Runtime\Cache\Home\c699a5bed4ec07b03164651653649f77.php 第 5 行.
INFO: Run Behavior\ParseTemplateBehavior [ RunTime:0.007743s ]
INFO: [ view_parse ] --END-- [ RunTime:0.007876s ]
INFO: [ view_filter ] --START--
INFO: Run Behavior\WriteHtmlCacheBehavior [ RunTime:0.000522s ]
INFO: [ view_filter ] --END-- [ RunTime:0.000637s ]
INFO: [ app_end ] --START--
INFO: Run Behavior\ShowPageTraceBehavior [ RunTime:0.000708s ]
INFO: [ app_end ] --END-- [ RunTime:0.000828s ]

[ 2016-05-23T22:07:55+08:00 ] 127.0.0.1 /news/home/News/view/id/8
INFO: [ app_begin ] --START--
INFO: Run Behavior\ReadHtmlCacheBehavior [ RunTime:0.000870s ]
INFO: [ app_begin ] --END-- [ RunTime:0.001316s ]
SQL: SHOW COLUMNS FROM `test_news` [ RunTime:0.0056s ]
SQL: SELECT * FROM `test_news` WHERE `id` = 8 LIMIT 1   [ RunTime:0.0007s ]
INFO: [ view_parse ] --START--
INFO: [ template_filter ] --START--
INFO: Run Behavior\ContentReplaceBehavior [ RunTime:0.000074s ]
INFO: [ template_filter ] --END-- [ RunTime:0.000202s ]
NOTIC: [8] Undefined variable: data D:\sf\wamp\www\news\web\Runtime\Cache\Home\c699a5bed4ec07b03164651653649f77.php 第 5 行.
INFO: Run Behavior\ParseTemplateBehavior [ RunTime:0.007742s ]
INFO: [ view_parse ] --END-- [ RunTime:0.007874s ]
INFO: [ view_filter ] --START--
INFO: Run Behavior\WriteHtmlCacheBehavior [ RunTime:0.000538s ]
INFO: [ view_filter ] --END-- [ RunTime:0.000660s ]
INFO: [ app_end ] --START--
INFO: Run Behavior\ShowPageTraceBehavior [ RunTime:0.000713s ]
INFO: [ app_end ] --END-- [ RunTime:0.000834s ]

[ 2016-05-23T22:07:55+08:00 ] 127.0.0.1 /news/home/News/view/id/8
INFO: [ app_begin ] --START--
INFO: Run Behavior\ReadHtmlCacheBehavior [ RunTime:0.000798s ]
INFO: [ app_begin ] --END-- [ RunTime:0.001373s ]
SQL: SHOW COLUMNS FROM `test_news` [ RunTime:0.0054s ]
SQL: SELECT * FROM `test_news` WHERE `id` = 8 LIMIT 1   [ RunTime:0.0005s ]
INFO: [ view_parse ] --START--
INFO: [ template_filter ] --START--
INFO: Run Behavior\ContentReplaceBehavior [ RunTime:0.000074s ]
INFO: [ template_filter ] --END-- [ RunTime:0.000197s ]
NOTIC: [8] Undefined variable: data D:\sf\wamp\www\news\web\Runtime\Cache\Home\c699a5bed4ec07b03164651653649f77.php 第 5 行.
INFO: Run Behavior\ParseTemplateBehavior [ RunTime:0.008073s ]
INFO: [ view_parse ] --END-- [ RunTime:0.008203s ]
INFO: [ view_filter ] --START--
INFO: Run Behavior\WriteHtmlCacheBehavior [ RunTime:0.000648s ]
INFO: [ view_filter ] --END-- [ RunTime:0.000763s ]
INFO: [ app_end ] --START--
INFO: Run Behavior\ShowPageTraceBehavior [ RunTime:0.000728s ]
INFO: [ app_end ] --END-- [ RunTime:0.000847s ]

[ 2016-05-23T22:07:55+08:00 ] 127.0.0.1 /news/home/News/view/id/8
INFO: [ app_begin ] --START--
INFO: Run Behavior\ReadHtmlCacheBehavior [ RunTime:0.001354s ]
INFO: [ app_begin ] --END-- [ RunTime:0.002098s ]
SQL: SHOW COLUMNS FROM `test_news` [ RunTime:0.0064s ]
SQL: SELECT * FROM `test_news` WHERE `id` = 8 LIMIT 1   [ RunTime:0.0006s ]
INFO: [ view_parse ] --START--
INFO: [ template_filter ] --START--
INFO: Run Behavior\ContentReplaceBehavior [ RunTime:0.000078s ]
INFO: [ template_filter ] --END-- [ RunTime:0.000219s ]
NOTIC: [8] Undefined variable: data D:\sf\wamp\www\news\web\Runtime\Cache\Home\c699a5bed4ec07b03164651653649f77.php 第 5 行.
INFO: Run Behavior\ParseTemplateBehavior [ RunTime:0.009971s ]
INFO: [ view_parse ] --END-- [ RunTime:0.010109s ]
INFO: [ view_filter ] --START--
INFO: Run Behavior\WriteHtmlCacheBehavior [ RunTime:0.000525s ]
INFO: [ view_filter ] --END-- [ RunTime:0.000641s ]
INFO: [ app_end ] --START--
INFO: Run Behavior\ShowPageTraceBehavior [ RunTime:0.000862s ]
INFO: [ app_end ] --END-- [ RunTime:0.001034s ]

[ 2016-05-23T22:07:56+08:00 ] 127.0.0.1 /news/home/News/view/id/8
INFO: [ app_begin ] --START--
INFO: Run Behavior\ReadHtmlCacheBehavior [ RunTime:0.000711s ]
INFO: [ app_begin ] --END-- [ RunTime:0.001136s ]
SQL: SHOW COLUMNS FROM `test_news` [ RunTime:0.0193s ]
SQL: SELECT * FROM `test_news` WHERE `id` = 8 LIMIT 1   [ RunTime:0.0007s ]
INFO: [ view_parse ] --START--
INFO: [ template_filter ] --START--
INFO: Run Behavior\ContentReplaceBehavior [ RunTime:0.000076s ]
INFO: [ template_filter ] --END-- [ RunTime:0.000209s ]
NOTIC: [8] Undefined variable: data D:\sf\wamp\www\news\web\Runtime\Cache\Home\c699a5bed4ec07b03164651653649f77.php 第 5 行.
INFO: Run Behavior\ParseTemplateBehavior [ RunTime:0.007839s ]
INFO: [ view_parse ] --END-- [ RunTime:0.007971s ]
INFO: [ view_filter ] --START--
INFO: Run Behavior\WriteHtmlCacheBehavior [ RunTime:0.000657s ]
INFO: [ view_filter ] --END-- [ RunTime:0.000782s ]
INFO: [ app_end ] --START--
INFO: Run Behavior\ShowPageTraceBehavior [ RunTime:0.000794s ]
INFO: [ app_end ] --END-- [ RunTime:0.000936s ]

[ 2016-05-23T22:07:56+08:00 ] 127.0.0.1 /news/home/News/view/id/8
INFO: [ app_begin ] --START--
INFO: Run Behavior\ReadHtmlCacheBehavior [ RunTime:0.001061s ]
INFO: [ app_begin ] --END-- [ RunTime:0.001799s ]
SQL: SHOW COLUMNS FROM `test_news` [ RunTime:0.0088s ]
SQL: SELECT * FROM `test_news` WHERE `id` = 8 LIMIT 1   [ RunTime:0.0004s ]
INFO: [ view_parse ] --START--
INFO: [ template_filter ] --START--
INFO: Run Behavior\ContentReplaceBehavior [ RunTime:0.000079s ]
INFO: [ template_filter ] --END-- [ RunTime:0.000216s ]
NOTIC: [8] Undefined variable: data D:\sf\wamp\www\news\web\Runtime\Cache\Home\c699a5bed4ec07b03164651653649f77.php 第 5 行.
INFO: Run Behavior\ParseTemplateBehavior [ RunTime:0.007903s ]
INFO: [ view_parse ] --END-- [ RunTime:0.008068s ]
INFO: [ view_filter ] --START--
INFO: Run Behavior\WriteHtmlCacheBehavior [ RunTime:0.000539s ]
INFO: [ view_filter ] --END-- [ RunTime:0.000661s ]
INFO: [ app_end ] --START--
INFO: Run Behavior\ShowPageTraceBehavior [ RunTime:0.000748s ]
INFO: [ app_end ] --END-- [ RunTime:0.000876s ]

[ 2016-05-23T22:07:57+08:00 ] 127.0.0.1 /news/home/News/view/id/8
INFO: [ app_begin ] --START--
INFO: Run Behavior\ReadHtmlCacheBehavior [ RunTime:0.000824s ]
INFO: [ app_begin ] --END-- [ RunTime:0.001373s ]
SQL: SHOW COLUMNS FROM `test_news` [ RunTime:0.0062s ]
SQL: SELECT * FROM `test_news` WHERE `id` = 8 LIMIT 1   [ RunTime:0.0008s ]
INFO: [ view_parse ] --START--
INFO: [ template_filter ] --START--
INFO: Run Behavior\ContentReplaceBehavior [ RunTime:0.000076s ]
INFO: [ template_filter ] --END-- [ RunTime:0.000210s ]
NOTIC: [8] Undefined variable: data D:\sf\wamp\www\news\web\Runtime\Cache\Home\c699a5bed4ec07b03164651653649f77.php 第 5 行.
INFO: Run Behavior\ParseTemplateBehavior [ RunTime:0.008799s ]
INFO: [ view_parse ] --END-- [ RunTime:0.008938s ]
INFO: [ view_filter ] --START--
INFO: Run Behavior\WriteHtmlCacheBehavior [ RunTime:0.000838s ]
INFO: [ view_filter ] --END-- [ RunTime:0.000968s ]
INFO: [ app_end ] --START--
INFO: Run Behavior\ShowPageTraceBehavior [ RunTime:0.000748s ]
INFO: [ app_end ] --END-- [ RunTime:0.000869s ]

[ 2016-05-23T22:07:57+08:00 ] 127.0.0.1 /news/home/News/view/id/8
INFO: [ app_begin ] --START--
INFO: Run Behavior\ReadHtmlCacheBehavior [ RunTime:0.001343s ]
INFO: [ app_begin ] --END-- [ RunTime:0.002214s ]
SQL: SHOW COLUMNS FROM `test_news` [ RunTime:0.0261s ]
SQL: SELECT * FROM `test_news` WHERE `id` = 8 LIMIT 1   [ RunTime:0.0005s ]
INFO: [ view_parse ] --START--
INFO: [ template_filter ] --START--
INFO: Run Behavior\ContentReplaceBehavior [ RunTime:0.000075s ]
INFO: [ template_filter ] --END-- [ RunTime:0.000202s ]
NOTIC: [8] Undefined variable: data D:\sf\wamp\www\news\web\Runtime\Cache\Home\c699a5bed4ec07b03164651653649f77.php 第 5 行.
INFO: Run Behavior\ParseTemplateBehavior [ RunTime:0.007427s ]
INFO: [ view_parse ] --END-- [ RunTime:0.007553s ]
INFO: [ view_filter ] --START--
INFO: Run Behavior\WriteHtmlCacheBehavior [ RunTime:0.000507s ]
INFO: [ view_filter ] --END-- [ RunTime:0.000620s ]
INFO: [ app_end ] --START--
INFO: Run Behavior\ShowPageTraceBehavior [ RunTime:0.000705s ]
INFO: [ app_end ] --END-- [ RunTime:0.000824s ]

[ 2016-05-23T22:07:57+08:00 ] 127.0.0.1 /news/home/News/view/id/8
INFO: [ app_begin ] --START--
INFO: Run Behavior\ReadHtmlCacheBehavior [ RunTime:0.000720s ]
INFO: [ app_begin ] --END-- [ RunTime:0.001157s ]
SQL: SHOW COLUMNS FROM `test_news` [ RunTime:0.0053s ]
SQL: SELECT * FROM `test_news` WHERE `id` = 8 LIMIT 1   [ RunTime:0.0006s ]
INFO: [ view_parse ] --START--
INFO: [ template_filter ] --START--
INFO: Run Behavior\ContentReplaceBehavior [ RunTime:0.000075s ]
INFO: [ template_filter ] --END-- [ RunTime:0.000208s ]
NOTIC: [8] Undefined variable: data D:\sf\wamp\www\news\web\Runtime\Cache\Home\c699a5bed4ec07b03164651653649f77.php 第 5 行.
INFO: Run Behavior\ParseTemplateBehavior [ RunTime:0.007763s ]
INFO: [ view_parse ] --END-- [ RunTime:0.007891s ]
INFO: [ view_filter ] --START--
INFO: Run Behavior\WriteHtmlCacheBehavior [ RunTime:0.000520s ]
INFO: [ view_filter ] --END-- [ RunTime:0.000634s ]
INFO: [ app_end ] --START--
INFO: Run Behavior\ShowPageTraceBehavior [ RunTime:0.000704s ]
INFO: [ app_end ] --END-- [ RunTime:0.000823s ]

[ 2016-05-23T22:09:52+08:00 ] 127.0.0.1 /news/home/News/view/id/9
INFO: [ app_begin ] --START--
INFO: Run Behavior\ReadHtmlCacheBehavior [ RunTime:0.000803s ]
INFO: [ app_begin ] --END-- [ RunTime:0.001305s ]
SQL: SHOW COLUMNS FROM `test_news` [ RunTime:0.0050s ]
SQL: SELECT * FROM `test_news` WHERE `id` = 9 LIMIT 1   [ RunTime:0.0006s ]
INFO: [ view_parse ] --START--
INFO: [ template_filter ] --START--
INFO: Run Behavior\ContentReplaceBehavior [ RunTime:0.000083s ]
INFO: [ template_filter ] --END-- [ RunTime:0.000226s ]
NOTIC: [8] Undefined variable: data D:\sf\wamp\www\news\web\Runtime\Cache\Home\c699a5bed4ec07b03164651653649f77.php 第 5 行.
INFO: Run Behavior\ParseTemplateBehavior [ RunTime:0.008455s ]
INFO: [ view_parse ] --END-- [ RunTime:0.008588s ]
INFO: [ view_filter ] --START--
INFO: Run Behavior\WriteHtmlCacheBehavior [ RunTime:0.000550s ]
INFO: [ view_filter ] --END-- [ RunTime:0.000673s ]
INFO: [ app_end ] --START--
INFO: Run Behavior\ShowPageTraceBehavior [ RunTime:0.000748s ]
INFO: [ app_end ] --END-- [ RunTime:0.000876s ]

[ 2016-05-23T22:09:58+08:00 ] 127.0.0.1 /news/home/News/view/id/10
INFO: [ app_begin ] --START--
INFO: Run Behavior\ReadHtmlCacheBehavior [ RunTime:0.000766s ]
INFO: [ app_begin ] --END-- [ RunTime:0.001205s ]
SQL: SHOW COLUMNS FROM `test_news` [ RunTime:0.0373s ]
SQL: SELECT * FROM `test_news` WHERE `id` = 10 LIMIT 1   [ RunTime:0.0005s ]
INFO: [ view_parse ] --START--
INFO: [ template_filter ] --START--
INFO: Run Behavior\ContentReplaceBehavior [ RunTime:0.000076s ]
INFO: [ template_filter ] --END-- [ RunTime:0.000205s ]
NOTIC: [8] Undefined variable: data D:\sf\wamp\www\news\web\Runtime\Cache\Home\c699a5bed4ec07b03164651653649f77.php 第 5 行.
INFO: Run Behavior\ParseTemplateBehavior [ RunTime:0.007680s ]
INFO: [ view_parse ] --END-- [ RunTime:0.007806s ]
INFO: [ view_filter ] --START--
INFO: Run Behavior\WriteHtmlCacheBehavior [ RunTime:0.000623s ]
INFO: [ view_filter ] --END-- [ RunTime:0.000740s ]
INFO: [ app_end ] --START--
INFO: Run Behavior\ShowPageTraceBehavior [ RunTime:0.000752s ]
INFO: [ app_end ] --END-- [ RunTime:0.000876s ]

[ 2016-05-23T22:09:58+08:00 ] 127.0.0.1 /news/home/News/view/id/10
INFO: [ app_begin ] --START--
INFO: Run Behavior\ReadHtmlCacheBehavior [ RunTime:0.000787s ]
INFO: [ app_begin ] --END-- [ RunTime:0.001214s ]
SQL: SHOW COLUMNS FROM `test_news` [ RunTime:0.0177s ]
SQL: SELECT * FROM `test_news` WHERE `id` = 10 LIMIT 1   [ RunTime:0.0005s ]
INFO: [ view_parse ] --START--
INFO: [ template_filter ] --START--
INFO: Run Behavior\ContentReplaceBehavior [ RunTime:0.000075s ]
INFO: [ template_filter ] --END-- [ RunTime:0.000203s ]
NOTIC: [8] Undefined variable: data D:\sf\wamp\www\news\web\Runtime\Cache\Home\c699a5bed4ec07b03164651653649f77.php 第 5 行.
INFO: Run Behavior\ParseTemplateBehavior [ RunTime:0.007655s ]
INFO: [ view_parse ] --END-- [ RunTime:0.007785s ]
INFO: [ view_filter ] --START--
INFO: Run Behavior\WriteHtmlCacheBehavior [ RunTime:0.000551s ]
INFO: [ view_filter ] --END-- [ RunTime:0.000666s ]
INFO: [ app_end ] --START--
INFO: Run Behavior\ShowPageTraceBehavior [ RunTime:0.000711s ]
INFO: [ app_end ] --END-- [ RunTime:0.000830s ]

[ 2016-05-23T22:16:37+08:00 ] 127.0.0.1 /news/home/News/view/id/9
INFO: [ app_begin ] --START--
INFO: Run Behavior\ReadHtmlCacheBehavior [ RunTime:0.000483s ]
INFO: [ app_begin ] --END-- [ RunTime:0.000904s ]
SQL: SHOW COLUMNS FROM `test_news` [ RunTime:0.0055s ]
SQL: SELECT * FROM `test_news` WHERE `id` = 9 LIMIT 1   [ RunTime:0.0006s ]
INFO: [ view_parse ] --START--
INFO: [ template_filter ] --START--
INFO: Run Behavior\ContentReplaceBehavior [ RunTime:0.000087s ]
INFO: [ template_filter ] --END-- [ RunTime:0.000233s ]
NOTIC: [8] Undefined variable: data D:\sf\wamp\www\news\web\Runtime\Cache\Home\c699a5bed4ec07b03164651653649f77.php 第 5 行.
INFO: Run Behavior\ParseTemplateBehavior [ RunTime:0.006959s ]
INFO: [ view_parse ] --END-- [ RunTime:0.007092s ]
INFO: [ view_filter ] --START--
INFO: Run Behavior\WriteHtmlCacheBehavior [ RunTime:0.000484s ]
INFO: [ view_filter ] --END-- [ RunTime:0.000823s ]
INFO: [ app_end ] --START--
INFO: Run Behavior\ShowPageTraceBehavior [ RunTime:0.000648s ]
INFO: [ app_end ] --END-- [ RunTime:0.000830s ]

[ 2016-05-23T22:16:42+08:00 ] 127.0.0.1 /news/home/News/view/id/10
INFO: [ app_begin ] --START--
INFO: Run Behavior\ReadHtmlCacheBehavior [ RunTime:0.000864s ]
INFO: [ app_begin ] --END-- [ RunTime:0.001638s ]
SQL: SHOW COLUMNS FROM `test_news` [ RunTime:0.0633s ]
SQL: SELECT * FROM `test_news` WHERE `id` = 10 LIMIT 1   [ RunTime:0.0006s ]
INFO: [ view_parse ] --START--
INFO: [ template_filter ] --START--
INFO: Run Behavior\ContentReplaceBehavior [ RunTime:0.000084s ]
INFO: [ template_filter ] --END-- [ RunTime:0.000270s ]
NOTIC: [8] Undefined variable: data D:\sf\wamp\www\news\web\Runtime\Cache\Home\c699a5bed4ec07b03164651653649f77.php 第 5 行.
INFO: Run Behavior\ParseTemplateBehavior [ RunTime:0.007019s ]
INFO: [ view_parse ] --END-- [ RunTime:0.007150s ]
INFO: [ view_filter ] --START--
INFO: Run Behavior\WriteHtmlCacheBehavior [ RunTime:0.000262s ]
INFO: [ view_filter ] --END-- [ RunTime:0.000377s ]
INFO: [ app_end ] --START--
INFO: Run Behavior\ShowPageTraceBehavior [ RunTime:0.000450s ]
INFO: [ app_end ] --END-- [ RunTime:0.000568s ]

[ 2016-05-23T22:16:44+08:00 ] 127.0.0.1 /news/home/News/view/id/8
INFO: [ app_begin ] --START--
INFO: Run Behavior\ReadHtmlCacheBehavior [ RunTime:0.000497s ]
INFO: [ app_begin ] --END-- [ RunTime:0.000932s ]
SQL: SHOW COLUMNS FROM `test_news` [ RunTime:0.0055s ]
SQL: SELECT * FROM `test_news` WHERE `id` = 8 LIMIT 1   [ RunTime:0.0004s ]
INFO: [ view_parse ] --START--
INFO: [ template_filter ] --START--
INFO: Run Behavior\ContentReplaceBehavior [ RunTime:0.000103s ]
INFO: [ template_filter ] --END-- [ RunTime:0.000237s ]
NOTIC: [8] Undefined variable: data D:\sf\wamp\www\news\web\Runtime\Cache\Home\c699a5bed4ec07b03164651653649f77.php 第 5 行.
INFO: Run Behavior\ParseTemplateBehavior [ RunTime:0.006815s ]
INFO: [ view_parse ] --END-- [ RunTime:0.006945s ]
INFO: [ view_filter ] --START--
INFO: Run Behavior\WriteHtmlCacheBehavior [ RunTime:0.000256s ]
INFO: [ view_filter ] --END-- [ RunTime:0.000385s ]
INFO: [ app_end ] --START--
INFO: Run Behavior\ShowPageTraceBehavior [ RunTime:0.000520s ]
INFO: [ app_end ] --END-- [ RunTime:0.000646s ]

[ 2016-05-23T22:22:32+08:00 ] 127.0.0.1 /news/home/News/view/id/9
INFO: [ app_begin ] --START--
INFO: Run Behavior\ReadHtmlCacheBehavior [ RunTime:0.000443s ]
INFO: [ app_begin ] --END-- [ RunTime:0.000834s ]
SQL: SHOW COLUMNS FROM `test_news` [ RunTime:0.0060s ]
SQL: SELECT * FROM `test_news` WHERE `id` = 9 LIMIT 1   [ RunTime:0.0005s ]

[ 2016-05-23T22:22:35+08:00 ] 127.0.0.1 /news/home/News/view/id/9
INFO: [ app_begin ] --START--
INFO: Run Behavior\ReadHtmlCacheBehavior [ RunTime:0.000449s ]
INFO: [ app_begin ] --END-- [ RunTime:0.000841s ]
SQL: SHOW COLUMNS FROM `test_news` [ RunTime:0.0060s ]
SQL: SELECT * FROM `test_news` WHERE `id` = 9 LIMIT 1   [ RunTime:0.0005s ]

[ 2016-05-23T22:22:40+08:00 ] 127.0.0.1 /news/home/News/view/id/10
INFO: [ app_begin ] --START--
INFO: Run Behavior\ReadHtmlCacheBehavior [ RunTime:0.000446s ]
INFO: [ app_begin ] --END-- [ RunTime:0.000848s ]
SQL: SHOW COLUMNS FROM `test_news` [ RunTime:0.0063s ]
SQL: SELECT * FROM `test_news` WHERE `id` = 10 LIMIT 1   [ RunTime:0.0004s ]

[ 2016-05-23T22:23:10+08:00 ] 127.0.0.1 /news/home/News/view/id/9
INFO: [ app_begin ] --START--
INFO: Run Behavior\ReadHtmlCacheBehavior [ RunTime:0.000509s ]
INFO: [ app_begin ] --END-- [ RunTime:0.001011s ]
SQL: SHOW COLUMNS FROM `test_news` [ RunTime:0.0240s ]
SQL: SELECT * FROM `test_news` WHERE `id` = 9 LIMIT 1   [ RunTime:0.0005s ]

[ 2016-05-23T22:23:33+08:00 ] 127.0.0.1 /news/home/News/view/id/10
INFO: [ app_begin ] --START--
INFO: Run Behavior\ReadHtmlCacheBehavior [ RunTime:0.000604s ]
INFO: [ app_begin ] --END-- [ RunTime:0.001038s ]
SQL: SHOW COLUMNS FROM `test_news` [ RunTime:0.0064s ]
SQL: SELECT * FROM `test_news` WHERE `id` = 10 LIMIT 1   [ RunTime:0.0005s ]

[ 2016-05-23T22:33:26+08:00 ] 127.0.0.1 /news/home/News/view/id/9
INFO: [ app_begin ] --START--
INFO: Run Behavior\ReadHtmlCacheBehavior [ RunTime:0.000475s ]
INFO: [ app_begin ] --END-- [ RunTime:0.000874s ]
SQL: SHOW COLUMNS FROM `test_news` [ RunTime:0.0156s ]
SQL: SELECT * FROM `test_news` WHERE `id` = 9 LIMIT 1   [ RunTime:0.0004s ]

[ 2016-05-23T22:33:40+08:00 ] 127.0.0.1 /news/home/News/view/id/10
INFO: [ app_begin ] --START--
INFO: Run Behavior\ReadHtmlCacheBehavior [ RunTime:0.000897s ]
INFO: [ app_begin ] --END-- [ RunTime:0.001370s ]
SQL: SHOW COLUMNS FROM `test_news` [ RunTime:0.0061s ]
SQL: SELECT * FROM `test_news` WHERE `id` = 10 LIMIT 1   [ RunTime:0.0004s ]

[ 2016-05-23T22:33:53+08:00 ] 127.0.0.1 /news/home/News/view/id/9
INFO: [ app_begin ] --START--
INFO: Run Behavior\ReadHtmlCacheBehavior [ RunTime:0.000741s ]
INFO: [ app_begin ] --END-- [ RunTime:0.001172s ]
SQL: SHOW COLUMNS FROM `test_news` [ RunTime:0.0167s ]
SQL: SELECT * FROM `test_news` WHERE `id` = 9 LIMIT 1   [ RunTime:0.0004s ]

[ 2016-05-23T22:33:58+08:00 ] 127.0.0.1 /news/home/News/view/id/9
INFO: [ app_begin ] --START--
INFO: Run Behavior\ReadHtmlCacheBehavior [ RunTime:0.000768s ]
INFO: [ app_begin ] --END-- [ RunTime:0.001230s ]
SQL: SHOW COLUMNS FROM `test_news` [ RunTime:0.0061s ]
SQL: SELECT * FROM `test_news` WHERE `id` = 9 LIMIT 1   [ RunTime:0.0005s ]

[ 2016-05-23T22:34:55+08:00 ] 127.0.0.1 /news/home/News/view/id/9
INFO: [ app_begin ] --START--
INFO: Run Behavior\ReadHtmlCacheBehavior [ RunTime:0.000561s ]
INFO: [ app_begin ] --END-- [ RunTime:0.001207s ]
SQL: SHOW COLUMNS FROM `test_news` [ RunTime:0.0062s ]
SQL: SELECT * FROM `test_news` WHERE `id` = 9 LIMIT 1   [ RunTime:0.0007s ]

[ 2016-05-23T22:39:44+08:00 ] 127.0.0.1 /news/home/News/view/id/9
INFO: [ app_begin ] --START--
INFO: Run Behavior\ReadHtmlCacheBehavior [ RunTime:0.000469s ]
INFO: [ app_begin ] --END-- [ RunTime:0.000862s ]
SQL: SHOW COLUMNS FROM `test_news` [ RunTime:0.0058s ]
SQL: SELECT * FROM `test_news` WHERE `id` = 9 LIMIT 1   [ RunTime:0.0004s ]

[ 2016-05-23T22:41:27+08:00 ] 127.0.0.1 /news/home/News/view/id/9
INFO: [ app_begin ] --START--
INFO: Run Behavior\ReadHtmlCacheBehavior [ RunTime:0.000466s ]
INFO: [ app_begin ] --END-- [ RunTime:0.000844s ]
SQL: SHOW COLUMNS FROM `test_news` [ RunTime:0.0064s ]
SQL: SELECT * FROM `test_news` WHERE `id` = 9 LIMIT 1   [ RunTime:0.0008s ]

[ 2016-05-23T22:44:11+08:00 ] 127.0.0.1 /news/home/News/view/id/8
INFO: [ app_begin ] --START--
INFO: Run Behavior\ReadHtmlCacheBehavior [ RunTime:0.000448s ]
INFO: [ app_begin ] --END-- [ RunTime:0.000834s ]
SQL: SHOW COLUMNS FROM `test_news` [ RunTime:0.0221s ]
SQL: SELECT * FROM `test_news` WHERE `id` = 8 LIMIT 1   [ RunTime:0.0005s ]

[ 2016-05-23T22:44:42+08:00 ] 127.0.0.1 /news/home/News/view/id/10
INFO: [ app_begin ] --START--
INFO: Run Behavior\ReadHtmlCacheBehavior [ RunTime:0.000506s ]
INFO: [ app_begin ] --END-- [ RunTime:0.000887s ]
SQL: SHOW COLUMNS FROM `test_news` [ RunTime:0.0280s ]
SQL: SELECT * FROM `test_news` WHERE `id` = 10 LIMIT 1   [ RunTime:0.0006s ]

[ 2016-05-23T22:44:47+08:00 ] 127.0.0.1 /news/home/News/view/id/9
INFO: [ app_begin ] --START--
INFO: Run Behavior\ReadHtmlCacheBehavior [ RunTime:0.000758s ]
INFO: [ app_begin ] --END-- [ RunTime:0.001189s ]
SQL: SHOW COLUMNS FROM `test_news` [ RunTime:0.0064s ]
SQL: SELECT * FROM `test_news` WHERE `id` = 9 LIMIT 1   [ RunTime:0.0008s ]

[ 2016-05-23T22:44:49+08:00 ] 127.0.0.1 /news/home/News/view/id/10
INFO: [ app_begin ] --START--
INFO: Run Behavior\ReadHtmlCacheBehavior [ RunTime:0.000714s ]
INFO: [ app_begin ] --END-- [ RunTime:0.001151s ]
SQL: SHOW COLUMNS FROM `test_news` [ RunTime:0.0061s ]
SQL: SELECT * FROM `test_news` WHERE `id` = 10 LIMIT 1   [ RunTime:0.0005s ]

[ 2016-05-23T22:44:51+08:00 ] 127.0.0.1 /news/home/News/view/id/9
INFO: [ app_begin ] --START--
INFO: Run Behavior\ReadHtmlCacheBehavior [ RunTime:0.000752s ]
INFO: [ app_begin ] --END-- [ RunTime:0.001211s ]
SQL: SHOW COLUMNS FROM `test_news` [ RunTime:0.0053s ]
SQL: SELECT * FROM `test_news` WHERE `id` = 9 LIMIT 1   [ RunTime:0.0009s ]

[ 2016-05-23T22:47:08+08:00 ] 127.0.0.1 /news/home/News/view/id/9
INFO: [ app_begin ] --START--
INFO: Run Behavior\ReadHtmlCacheBehavior [ RunTime:0.000584s ]
INFO: [ app_begin ] --END-- [ RunTime:0.001018s ]
SQL: SHOW COLUMNS FROM `test_news` [ RunTime:0.0061s ]
SQL: SELECT * FROM `test_news` WHERE `id` = 9 LIMIT 1   [ RunTime:0.0004s ]

[ 2016-05-23T22:47:49+08:00 ] 127.0.0.1 /news/home/News/view/id/9
INFO: [ app_begin ] --START--
INFO: Run Behavior\ReadHtmlCacheBehavior [ RunTime:0.000500s ]
INFO: [ app_begin ] --END-- [ RunTime:0.000973s ]
SQL: SHOW COLUMNS FROM `test_news` [ RunTime:0.0065s ]
SQL: SELECT * FROM `test_news` WHERE `id` = 9 LIMIT 1   [ RunTime:0.0008s ]

[ 2016-05-23T22:48:42+08:00 ] 127.0.0.1 /news/home/News/view/id/9
INFO: [ app_begin ] --START--
INFO: Run Behavior\ReadHtmlCacheBehavior [ RunTime:0.000478s ]
INFO: [ app_begin ] --END-- [ RunTime:0.000895s ]
SQL: SHOW COLUMNS FROM `test_news` [ RunTime:0.0054s ]
SQL: SELECT * FROM `test_news` WHERE `id` = 9 LIMIT 1   [ RunTime:0.0006s ]

[ 2016-05-23T22:48:59+08:00 ] 127.0.0.1 /news/home/News/view/id/9
INFO: [ app_begin ] --START--
INFO: Run Behavior\ReadHtmlCacheBehavior [ RunTime:0.000446s ]
INFO: [ app_begin ] --END-- [ RunTime:0.000868s ]
SQL: SHOW COLUMNS FROM `test_news` [ RunTime:0.0064s ]
SQL: SELECT * FROM `test_news` WHERE `id` = 9 LIMIT 1   [ RunTime:0.0006s ]

[ 2016-05-23T22:49:18+08:00 ] 127.0.0.1 /news/home/News/view/id/9
INFO: [ app_begin ] --START--
INFO: Run Behavior\ReadHtmlCacheBehavior [ RunTime:0.000810s ]
INFO: [ app_begin ] --END-- [ RunTime:0.001459s ]
SQL: SHOW COLUMNS FROM `test_news` [ RunTime:0.0068s ]
SQL: SELECT * FROM `test_news` WHERE `id` = 9 LIMIT 1   [ RunTime:0.0006s ]

[ 2016-05-23T22:50:18+08:00 ] 127.0.0.1 /news/home/News/view/id/9
INFO: [ app_begin ] --START--
INFO: Run Behavior\ReadHtmlCacheBehavior [ RunTime:0.000794s ]
INFO: [ app_begin ] --END-- [ RunTime:0.001398s ]
SQL: SHOW COLUMNS FROM `test_news` [ RunTime:0.0068s ]
SQL: SELECT * FROM `test_news` WHERE `id` = 9 LIMIT 1   [ RunTime:0.0006s ]

[ 2016-05-23T23:03:00+08:00 ] 127.0.0.1 /news/home/News/view/id/9
INFO: [ app_begin ] --START--
INFO: Run Behavior\ReadHtmlCacheBehavior [ RunTime:0.000763s ]
INFO: [ app_begin ] --END-- [ RunTime:0.001180s ]
SQL: SHOW COLUMNS FROM `test_news` [ RunTime:0.0059s ]
SQL: SELECT * FROM `test_news` WHERE `id` = 9 LIMIT 1   [ RunTime:0.0007s ]

[ 2016-05-23T23:06:18+08:00 ] 127.0.0.1 /news/home/News/view/id/9
INFO: [ app_begin ] --START--
INFO: Run Behavior\ReadHtmlCacheBehavior [ RunTime:0.000750s ]
INFO: [ app_begin ] --END-- [ RunTime:0.001154s ]
SQL: SHOW COLUMNS FROM `test_news` [ RunTime:0.0216s ]
SQL: SELECT * FROM `test_news` WHERE `id` = 9 LIMIT 1   [ RunTime:0.0006s ]

[ 2016-05-23T23:07:46+08:00 ] 127.0.0.1 /news/home/News/view/id/9
INFO: [ app_begin ] --START--
INFO: Run Behavior\ReadHtmlCacheBehavior [ RunTime:0.000763s ]
INFO: [ app_begin ] --END-- [ RunTime:0.001207s ]
SQL: SHOW COLUMNS FROM `test_news` [ RunTime:0.0185s ]
SQL: SELECT * FROM `test_news` WHERE `id` = 9 LIMIT 1   [ RunTime:0.0005s ]

[ 2016-05-23T23:19:41+08:00 ] 127.0.0.1 /news/home/News/view/id/9
INFO: [ app_begin ] --START--
INFO: Run Behavior\ReadHtmlCacheBehavior [ RunTime:0.000705s ]
INFO: [ app_begin ] --END-- [ RunTime:0.001146s ]
SQL: SHOW COLUMNS FROM `test_news` [ RunTime:0.0053s ]
SQL: SELECT * FROM `test_news` WHERE `id` = 9 LIMIT 1   [ RunTime:0.0005s ]

[ 2016-05-23T23:31:32+08:00 ] 127.0.0.1 /news/home/News/view/id/10
INFO: [ app_begin ] --START--
INFO: Run Behavior\ReadHtmlCacheBehavior [ RunTime:0.000790s ]
INFO: [ app_begin ] --END-- [ RunTime:0.001293s ]
SQL: SHOW COLUMNS FROM `test_news` [ RunTime:0.0060s ]
SQL: SELECT * FROM `test_news` WHERE `id` = 10 LIMIT 1   [ RunTime:0.0004s ]

[ 2016-05-23T23:31:36+08:00 ] 127.0.0.1 /news/home/News/view/id/8
INFO: [ app_begin ] --START--
INFO: Run Behavior\ReadHtmlCacheBehavior [ RunTime:0.000744s ]
INFO: [ app_begin ] --END-- [ RunTime:0.001152s ]
SQL: SHOW COLUMNS FROM `test_news` [ RunTime:0.0070s ]
SQL: SELECT * FROM `test_news` WHERE `id` = 8 LIMIT 1   [ RunTime:0.0005s ]

[ 2016-05-23T23:31:38+08:00 ] 127.0.0.1 /news/home/News/view/id/9
INFO: [ app_begin ] --START--
INFO: Run Behavior\ReadHtmlCacheBehavior [ RunTime:0.000764s ]
INFO: [ app_begin ] --END-- [ RunTime:0.001359s ]
SQL: SHOW COLUMNS FROM `test_news` [ RunTime:0.0139s ]
SQL: SELECT * FROM `test_news` WHERE `id` = 9 LIMIT 1   [ RunTime:0.0005s ]

[ 2016-05-23T23:40:45+08:00 ] 127.0.0.1 /news/home/News/view/id/9
INFO: [ app_begin ] --START--
INFO: Run Behavior\ReadHtmlCacheBehavior [ RunTime:0.001019s ]
INFO: [ app_begin ] --END-- [ RunTime:0.001675s ]
SQL: SHOW COLUMNS FROM `test_news` [ RunTime:0.0056s ]
SQL: SELECT * FROM `test_news` WHERE `id` = 9 LIMIT 1   [ RunTime:0.0006s ]

[ 2016-05-23T23:41:31+08:00 ] 127.0.0.1 /news/home/News/view/id/10
INFO: [ app_begin ] --START--
INFO: Run Behavior\ReadHtmlCacheBehavior [ RunTime:0.000662s ]
INFO: [ app_begin ] --END-- [ RunTime:0.001106s ]
SQL: SHOW COLUMNS FROM `test_news` [ RunTime:0.0051s ]
SQL: SELECT * FROM `test_news` WHERE `id` = 10 LIMIT 1   [ RunTime:0.0006s ]

[ 2016-05-23T23:41:43+08:00 ] 127.0.0.1 /news/home/News/view/id/10
INFO: [ app_begin ] --START--
INFO: Run Behavior\ReadHtmlCacheBehavior [ RunTime:0.000690s ]
INFO: [ app_begin ] --END-- [ RunTime:0.001186s ]
SQL: SHOW COLUMNS FROM `test_news` [ RunTime:0.0061s ]
SQL: SELECT * FROM `test_news` WHERE `id` = 10 LIMIT 1   [ RunTime:0.0006s ]

[ 2016-05-23T23:41:44+08:00 ] 127.0.0.1 /news/home/News/view/id/8
INFO: [ app_begin ] --START--
INFO: Run Behavior\ReadHtmlCacheBehavior [ RunTime:0.000931s ]
INFO: [ app_begin ] --END-- [ RunTime:0.001665s ]
SQL: SHOW COLUMNS FROM `test_news` [ RunTime:0.0055s ]
SQL: SELECT * FROM `test_news` WHERE `id` = 8 LIMIT 1   [ RunTime:0.0004s ]

[ 2016-05-23T23:41:45+08:00 ] 127.0.0.1 /news/home/News/view/id/10
INFO: [ app_begin ] --START--
INFO: Run Behavior\ReadHtmlCacheBehavior [ RunTime:0.000660s ]
INFO: [ app_begin ] --END-- [ RunTime:0.001038s ]
SQL: SHOW COLUMNS FROM `test_news` [ RunTime:0.0058s ]
SQL: SELECT * FROM `test_news` WHERE `id` = 10 LIMIT 1   [ RunTime:0.0008s ]

[ 2016-05-23T23:41:47+08:00 ] 127.0.0.1 /news/home/News/view/id/9
INFO: [ app_begin ] --START--
INFO: Run Behavior\ReadHtmlCacheBehavior [ RunTime:0.000695s ]
INFO: [ app_begin ] --END-- [ RunTime:0.001145s ]
SQL: SHOW COLUMNS FROM `test_news` [ RunTime:0.0048s ]
SQL: SELECT * FROM `test_news` WHERE `id` = 9 LIMIT 1   [ RunTime:0.0003s ]

[ 2016-05-23T23:43:14+08:00 ] 127.0.0.1 /news/home/News/view/id/9
INFO: [ app_begin ] --START--
INFO: Run Behavior\ReadHtmlCacheBehavior [ RunTime:0.001153s ]
INFO: [ app_begin ] --END-- [ RunTime:0.001653s ]
SQL: SHOW COLUMNS FROM `test_news` [ RunTime:0.0063s ]
SQL: SELECT * FROM `test_news` WHERE `id` = 9 LIMIT 1   [ RunTime:0.0006s ]

[ 2016-05-23T23:43:37+08:00 ] 127.0.0.1 /news/home/News/view/id/9
INFO: [ app_begin ] --START--
INFO: Run Behavior\ReadHtmlCacheBehavior [ RunTime:0.001136s ]
INFO: [ app_begin ] --END-- [ RunTime:0.001845s ]
SQL: SHOW COLUMNS FROM `test_news` [ RunTime:0.0071s ]
SQL: SELECT * FROM `test_news` WHERE `id` = 9 LIMIT 1   [ RunTime:0.0006s ]

[ 2016-05-23T23:43:51+08:00 ] 127.0.0.1 /news/home/News/view/id/9
INFO: [ app_begin ] --START--
INFO: Run Behavior\ReadHtmlCacheBehavior [ RunTime:0.000764s ]
INFO: [ app_begin ] --END-- [ RunTime:0.001295s ]
SQL: SHOW COLUMNS FROM `test_news` [ RunTime:0.0069s ]
SQL: SELECT * FROM `test_news` WHERE `id` = 9 LIMIT 1   [ RunTime:0.0005s ]

[ 2016-05-23T23:44:19+08:00 ] 127.0.0.1 /news/home/News/view/id/9
INFO: [ app_begin ] --START--
INFO: Run Behavior\ReadHtmlCacheBehavior [ RunTime:0.001015s ]
INFO: [ app_begin ] --END-- [ RunTime:0.001627s ]
SQL: SHOW COLUMNS FROM `test_news` [ RunTime:0.0064s ]
SQL: SELECT * FROM `test_news` WHERE `id` = 9 LIMIT 1   [ RunTime:0.0005s ]

[ 2016-05-23T23:44:24+08:00 ] 127.0.0.1 /news/home/News/view/id/10
INFO: [ app_begin ] --START--
INFO: Run Behavior\ReadHtmlCacheBehavior [ RunTime:0.000650s ]
INFO: [ app_begin ] --END-- [ RunTime:0.001032s ]
SQL: SHOW COLUMNS FROM `test_news` [ RunTime:0.0061s ]
SQL: SELECT * FROM `test_news` WHERE `id` = 10 LIMIT 1   [ RunTime:0.0006s ]

[ 2016-05-23T23:44:28+08:00 ] 127.0.0.1 /news/home/News/view/id/8
INFO: [ app_begin ] --START--
INFO: Run Behavior\ReadHtmlCacheBehavior [ RunTime:0.000642s ]
INFO: [ app_begin ] --END-- [ RunTime:0.001068s ]
SQL: SHOW COLUMNS FROM `test_news` [ RunTime:0.0051s ]
SQL: SELECT * FROM `test_news` WHERE `id` = 8 LIMIT 1   [ RunTime:0.0007s ]

[ 2016-05-23T23:44:30+08:00 ] 127.0.0.1 /news/home/News/view/id/9
INFO: [ app_begin ] --START--
INFO: Run Behavior\ReadHtmlCacheBehavior [ RunTime:0.000691s ]
INFO: [ app_begin ] --END-- [ RunTime:0.001154s ]
SQL: SHOW COLUMNS FROM `test_news` [ RunTime:0.0064s ]
SQL: SELECT * FROM `test_news` WHERE `id` = 9 LIMIT 1   [ RunTime:0.0009s ]

[ 2016-05-23T23:44:32+08:00 ] 127.0.0.1 /news/home/News/view/id/10
INFO: [ app_begin ] --START--
INFO: Run Behavior\ReadHtmlCacheBehavior [ RunTime:0.000651s ]
INFO: [ app_begin ] --END-- [ RunTime:0.001049s ]
SQL: SHOW COLUMNS FROM `test_news` [ RunTime:0.0061s ]
SQL: SELECT * FROM `test_news` WHERE `id` = 10 LIMIT 1   [ RunTime:0.0008s ]

[ 2016-05-23T23:44:33+08:00 ] 127.0.0.1 /news/home/News/view/id/8
INFO: [ app_begin ] --START--
INFO: Run Behavior\ReadHtmlCacheBehavior [ RunTime:0.001003s ]
INFO: [ app_begin ] --END-- [ RunTime:0.001645s ]
SQL: SHOW COLUMNS FROM `test_news` [ RunTime:0.0061s ]
SQL: SELECT * FROM `test_news` WHERE `id` = 8 LIMIT 1   [ RunTime:0.0005s ]

[ 2016-05-23T23:44:35+08:00 ] 127.0.0.1 /news/home/News/view/id/9
INFO: [ app_begin ] --START--
INFO: Run Behavior\ReadHtmlCacheBehavior [ RunTime:0.000654s ]
INFO: [ app_begin ] --END-- [ RunTime:0.001034s ]
SQL: SHOW COLUMNS FROM `test_news` [ RunTime:0.0064s ]
SQL: SELECT * FROM `test_news` WHERE `id` = 9 LIMIT 1   [ RunTime:0.0006s ]

[ 2016-05-23T23:44:36+08:00 ] 127.0.0.1 /news/home/News/view/id/8
INFO: [ app_begin ] --START--
INFO: Run Behavior\ReadHtmlCacheBehavior [ RunTime:0.000633s ]
INFO: [ app_begin ] --END-- [ RunTime:0.001038s ]
SQL: SHOW COLUMNS FROM `test_news` [ RunTime:0.0064s ]
SQL: SELECT * FROM `test_news` WHERE `id` = 8 LIMIT 1   [ RunTime:0.0007s ]

[ 2016-05-23T23:44:37+08:00 ] 127.0.0.1 /news/home/News/view/id/10
INFO: [ app_begin ] --START--
INFO: Run Behavior\ReadHtmlCacheBehavior [ RunTime:0.000656s ]
INFO: [ app_begin ] --END-- [ RunTime:0.001035s ]
SQL: SHOW COLUMNS FROM `test_news` [ RunTime:0.0065s ]
SQL: SELECT * FROM `test_news` WHERE `id` = 10 LIMIT 1   [ RunTime:0.0004s ]

[ 2016-05-23T23:44:38+08:00 ] 127.0.0.1 /news/home/News/view/id/8
INFO: [ app_begin ] --START--
INFO: Run Behavior\ReadHtmlCacheBehavior [ RunTime:0.000704s ]
INFO: [ app_begin ] --END-- [ RunTime:0.001089s ]
SQL: SHOW COLUMNS FROM `test_news` [ RunTime:0.0064s ]
SQL: SELECT * FROM `test_news` WHERE `id` = 8 LIMIT 1   [ RunTime:0.0007s ]

[ 2016-05-23T23:44:40+08:00 ] 127.0.0.1 /news/home/News/view/id/9
INFO: [ app_begin ] --START--
INFO: Run Behavior\ReadHtmlCacheBehavior [ RunTime:0.000734s ]
INFO: [ app_begin ] --END-- [ RunTime:0.001226s ]
SQL: SHOW COLUMNS FROM `test_news` [ RunTime:0.0054s ]
SQL: SELECT * FROM `test_news` WHERE `id` = 9 LIMIT 1   [ RunTime:0.0005s ]

[ 2016-05-23T23:46:48+08:00 ] 127.0.0.1 /news/home/News/view/id/9
INFO: [ app_begin ] --START--
INFO: Run Behavior\ReadHtmlCacheBehavior [ RunTime:0.000984s ]
INFO: [ app_begin ] --END-- [ RunTime:0.001641s ]
SQL: SHOW COLUMNS FROM `test_news` [ RunTime:0.0060s ]
SQL: SELECT * FROM `test_news` WHERE `id` = 9 LIMIT 1   [ RunTime:0.0007s ]

[ 2016-05-23T23:46:49+08:00 ] 127.0.0.1 /news/home/News/view/id/10
INFO: [ app_begin ] --START--
INFO: Run Behavior\ReadHtmlCacheBehavior [ RunTime:0.000968s ]
INFO: [ app_begin ] --END-- [ RunTime:0.001587s ]
SQL: SHOW COLUMNS FROM `test_news` [ RunTime:0.0062s ]
SQL: SELECT * FROM `test_news` WHERE `id` = 10 LIMIT 1   [ RunTime:0.0005s ]

[ 2016-05-23T23:46:50+08:00 ] 127.0.0.1 /news/home/News/view/id/8
INFO: [ app_begin ] --START--
INFO: Run Behavior\ReadHtmlCacheBehavior [ RunTime:0.000744s ]
INFO: [ app_begin ] --END-- [ RunTime:0.001237s ]
SQL: SHOW COLUMNS FROM `test_news` [ RunTime:0.0063s ]
SQL: SELECT * FROM `test_news` WHERE `id` = 8 LIMIT 1   [ RunTime:0.0006s ]

[ 2016-05-23T23:46:51+08:00 ] 127.0.0.1 /news/home/News/view/id/10
INFO: [ app_begin ] --START--
INFO: Run Behavior\ReadHtmlCacheBehavior [ RunTime:0.001070s ]
INFO: [ app_begin ] --END-- [ RunTime:0.001629s ]
SQL: SHOW COLUMNS FROM `test_news` [ RunTime:0.0064s ]
SQL: SELECT * FROM `test_news` WHERE `id` = 10 LIMIT 1   [ RunTime:0.0006s ]

[ 2016-05-23T23:46:53+08:00 ] 127.0.0.1 /news/home/News/view/id/9
INFO: [ app_begin ] --START--
INFO: Run Behavior\ReadHtmlCacheBehavior [ RunTime:0.000632s ]
INFO: [ app_begin ] --END-- [ RunTime:0.001061s ]
SQL: SHOW COLUMNS FROM `test_news` [ RunTime:0.0068s ]
SQL: SELECT * FROM `test_news` WHERE `id` = 9 LIMIT 1   [ RunTime:0.0005s ]

[ 2016-05-23T23:46:55+08:00 ] 127.0.0.1 /news/home/News/view/id/10
INFO: [ app_begin ] --START--
INFO: Run Behavior\ReadHtmlCacheBehavior [ RunTime:0.000673s ]
INFO: [ app_begin ] --END-- [ RunTime:0.001056s ]
SQL: SHOW COLUMNS FROM `test_news` [ RunTime:0.0250s ]
SQL: SELECT * FROM `test_news` WHERE `id` = 10 LIMIT 1   [ RunTime:0.0005s ]

[ 2016-05-23T23:46:56+08:00 ] 127.0.0.1 /news/home/News/view/id/8
INFO: [ app_begin ] --START--
INFO: Run Behavior\ReadHtmlCacheBehavior [ RunTime:0.000635s ]
INFO: [ app_begin ] --END-- [ RunTime:0.001020s ]
SQL: SHOW COLUMNS FROM `test_news` [ RunTime:0.0139s ]
SQL: SELECT * FROM `test_news` WHERE `id` = 8 LIMIT 1   [ RunTime:0.0005s ]

[ 2016-05-23T23:46:57+08:00 ] 127.0.0.1 /news/home/News/view/id/9
INFO: [ app_begin ] --START--
INFO: Run Behavior\ReadHtmlCacheBehavior [ RunTime:0.000987s ]
INFO: [ app_begin ] --END-- [ RunTime:0.001475s ]
SQL: SHOW COLUMNS FROM `test_news` [ RunTime:0.0310s ]
SQL: SELECT * FROM `test_news` WHERE `id` = 9 LIMIT 1   [ RunTime:0.0005s ]

[ 2016-05-23T23:46:57+08:00 ] 127.0.0.1 /news/home/News/view/id/10
INFO: [ app_begin ] --START--
INFO: Run Behavior\ReadHtmlCacheBehavior [ RunTime:0.000644s ]
INFO: [ app_begin ] --END-- [ RunTime:0.001058s ]
SQL: SHOW COLUMNS FROM `test_news` [ RunTime:0.0063s ]
SQL: SELECT * FROM `test_news` WHERE `id` = 10 LIMIT 1   [ RunTime:0.0005s ]

[ 2016-05-23T23:46:59+08:00 ] 127.0.0.1 /news/home/News/view/id/8
INFO: [ app_begin ] --START--
INFO: Run Behavior\ReadHtmlCacheBehavior [ RunTime:0.000736s ]
INFO: [ app_begin ] --END-- [ RunTime:0.001155s ]
SQL: SHOW COLUMNS FROM `test_news` [ RunTime:0.0064s ]
SQL: SELECT * FROM `test_news` WHERE `id` = 8 LIMIT 1   [ RunTime:0.0005s ]

